#
# A fatal error has been detected by the Java Runtime Environment:
#
#  SIGSEGV (0xb) at pc=0x00007ff812602c5c, pid=11668, tid=259
#
# JRE version: Java(TM) SE Runtime Environment (8.0_31-b13) (build 1.8.0_31-b13)
# Java VM: Java HotSpot(TM) 64-Bit Server VM (25.31-b07 mixed mode bsd-amd64 compressed oops)
# Problematic frame:
# C  [libobjc.A.dylib+0x6c5c]  objc_retain+0x1c
#
# Failed to write core dump. Core dumps have been disabled. To enable core dumping, try "ulimit -c unlimited" before starting Java again
#
# If you would like to submit a bug report, please visit:
#   http://bugreport.java.com/bugreport/crash.jsp
# The crash happened outside the Java Virtual Machine in native code.
# See problematic frame for where to report the bug.
#

---------------  T H R E A D  ---------------

Current thread (0x00007fd9548a1000):  JavaThread "main" [_thread_in_native, id=259, stack(0x000000030a7be000,0x000000030afbe000)]

siginfo: si_signo: 11 (SIGSEGV), si_code: 1 (SEGV_MAPERR), si_addr: 0x0000117d43e87040

Registers:
RAX=0x0000117d43e87020, RBX=0x00007fd9441721a0, RCX=0x0000117d43e87020, RDX=0x0000000000000001
RSP=0x000000030afa6fd8, RBP=0x000000030afa6ff0, RSI=0x00007ff8329c4476, RDI=0x0000600000287020
R8 =0xffff8026bbe8de60, R9 =0x00007fd9441721a0, R10=0x00007ff855dabb80, R11=0x00007ff815fdc909
R12=0x000000010382eb83, R13=0x00007ff85277b438, R14=0x00007ff812602dc0, R15=0x0000600000c97230
RIP=0x00007ff812602c5c, EFLAGS=0x0000000000000246, ERR=0x0000000000000004
  TRAPNO=0x000000000000000e

Top of Stack: (sp=0x000000030afa6fd8)
0x000000030afa6fd8:   00007ff81608d01e 0000600000c97230
0x000000030afa6fe8:   00007fd953f06c80 000000030afa7030
0x000000030afa6ff8:   00007ff8161ef748 00007ff812602dc0
0x000000030afa7008:   0000600000c97230 ffffffffffffffff
0x000000030afa7018:   00007ff85277b438 0000600000993330
0x000000030afa7028:   00007ff85277b418 000000030afa7050
0x000000030afa7038:   00007ff81609b92c 00007ff85277b418
0x000000030afa7048:   00007ff85277b438 000000030afa70e0
0x000000030afa7058:   00007ff8139b6b69 00016b3953d14e67
0x000000030afa7068:   00007ff8329c2789 00007ff8329bbaa8
0x000000030afa7078:   00007fd955009448 0000600001f39f80
0x000000030afa7088:   0000600000993330 00007ff832a76786
0x000000030afa7098:   0000600000c97230 0000600003964370
0x000000030afa70a8:   0000600000e64d80 0000600002e26100
0x000000030afa70b8:   0000600000e64d80 0000600000ea8c00
0x000000030afa70c8:   00007ff8139b69b3 00006000021c95c0
0x000000030afa70d8:   0000600000e64d98 000000030afa70f0
0x000000030afa70e8:   00007ff812ac3a99 000000030afa71a0
0x000000030afa70f8:   00007ff812ac3649 0000600000ea8c10
0x000000030afa7108:   00006000000a81b0 0000600000ea8cb4
0x000000030afa7118:   0000000000000000 00016b3951eb3265
0x000000030afa7128:   0000000000000000 00007fd955009440
0x000000030afa7138:   00006000000a81a0 00006000021c95c0
0x000000030afa7148:   0000000000000000 0000000000000000
0x000000030afa7158:   00007ff812a47e35 0000000000000002
0x000000030afa7168:   00006000034af2a0 357b44497a350032
0x000000030afa7178:   0000000000000001 00006000034af2a0
0x000000030afa7188:   0000000000000000 00006000000a81a0
0x000000030afa7198:   0000000000000000 000000030afa71f0
0x000000030afa71a8:   00007ff812ac327a 00007ff8525cb960
0x000000030afa71b8:   0000600000ea8c00 00016b3953d14cf0
0x000000030afa71c8:   0000000000000003 0000600000ea8c00 

Instructions: (pc=0x00007ff812602c5c)
0x00007ff812602c3c:   90 90 90 90 48 85 ff 74 7d 89 f8 83 e0 01 75 76
0x00007ff812602c4c:   48 8b 07 48 b9 f8 ff ff ff ff 7f 00 00 48 21 c1
0x00007ff812602c5c:   48 8b 51 20 f6 c2 04 74 38 a8 01 74 53 48 b9 00
0x00007ff812602c6c:   00 00 00 00 00 00 01 48 89 c2 48 c1 ea 37 74 46 

Register to memory mapping:

RAX=0x0000117d43e87020 is an unknown value
RBX=0x00007fd9441721a0 is an unknown value
RCX=0x0000117d43e87020 is an unknown value
RDX=0x0000000000000001 is an unknown value
RSP=0x000000030afa6fd8 is pointing into the stack for thread: 0x00007fd9548a1000
RBP=0x000000030afa6ff0 is pointing into the stack for thread: 0x00007fd9548a1000
RSI=0x00007ff8329c4476 is an unknown value
RDI=0x0000600000287020 is an unknown value
R8 =0xffff8026bbe8de60 is an unknown value
R9 =0x00007fd9441721a0 is an unknown value
R10=0x00007ff855dabb80: OBJC_CLASS_$__NSToolbarButtonCell+0 in /System/Library/Frameworks/AppKit.framework/Versions/C/AppKit at 0x00007ff815f6b000
R11=0x00007ff815fdc909: -[NSActionCell target]+0 in /System/Library/Frameworks/AppKit.framework/Versions/C/AppKit at 0x00007ff815f6b000
R12=0x000000010382eb83: <offset 0x16d2b83> in /Applications/Stata/StataMP.app/Contents/MacOS/StataMP at 0x000000010215c000
R13=0x00007ff85277b438: <offset 0x3fd4f438> in /System/Library/Frameworks/CoreFoundation.framework/Versions/A/CoreFoundation at 0x00007ff812a2c000
R14=0x00007ff812602dc0: objc_msgSend+0 in /usr/lib/libobjc.A.dylib at 0x00007ff8125fc000
R15=0x0000600000c97230 is an unknown value


Stack: [0x000000030a7be000,0x000000030afbe000],  sp=0x000000030afa6fd8,  free space=8099k
Native frames: (J=compiled Java code, j=interpreted, Vv=VM code, C=native code)
C  [libobjc.A.dylib+0x6c5c]  objc_retain+0x1c
C  [AppKit+0x284748]  -[NSToolbarItem _validateAsCommonItem:]+0x4a
C  [AppKit+0x13092c]  -[NSToolbar _autovalidateToolbarItem:]+0x62
C  [Foundation+0x7bb69]  __NSFireDelayedPerform+0x1b6
C  [CoreFoundation+0x97a99]  __CFRUNLOOP_IS_CALLING_OUT_TO_A_TIMER_CALLBACK_FUNCTION__+0x14
C  [CoreFoundation+0x97649]  __CFRunLoopDoTimer+0x311
C  [CoreFoundation+0x9727a]  __CFRunLoopDoTimers+0x11d
C  [CoreFoundation+0x7b58d]  __CFRunLoopRun+0x83c
C  [CoreFoundation+0x7a749]  CFRunLoopRunSpecific+0x22d
C  [HIToolbox+0x30aa9]  RunCurrentEventLoopInMode+0x124
C  [HIToolbox+0x306e6]  ReceiveNextEventCommon+0xc9
C  [HIToolbox+0x30601]  _BlockUntilNextEventMatchingListInModeWithFilter+0x42
C  [AppKit+0x3e1b5]  _DPSNextEvent+0x370
C  [AppKit+0x916f0f]  -[NSApplication(NSEventRouting) _nextEventMatchingEventMask:untilDate:inMode:dequeue:]+0x518
C  [StataMP+0x246905]  icu_54::CollationIterator::nextCE(UErrorCode&)+0x9f925
C  [StataMP+0x246a44]  icu_54::CollationIterator::nextCE(UErrorCode&)+0x9fa64
C  [StataMP+0x246de6]  icu_54::CollationIterator::nextCE(UErrorCode&)+0x9fe06
C  [StataMP+0x6d7c2c]  icu_54::CollationIterator::nextCE(UErrorCode&)+0x530c4c
C  [StataMP+0x6d7828]  icu_54::CollationIterator::nextCE(UErrorCode&)+0x530848
C  [StataMP+0x6d75d3]  icu_54::CollationIterator::nextCE(UErrorCode&)+0x5305f3
C  [StataMP+0x725622]  icu_54::CollationIterator::nextCE(UErrorCode&)+0x57e642
C  0x0000000000004600


---------------  P R O C E S S  ---------------

Java Threads: ( => current thread )
  0x00007fd9540dd800 JavaThread "Service Thread" daemon [_thread_blocked, id=106007, stack(0x000000030cfd4000,0x000000030d1d4000)]
  0x00007fd954a0d800 JavaThread "C1 CompilerThread3" daemon [_thread_blocked, id=160027, stack(0x000000030ced1000,0x000000030cfd1000)]
  0x00007fd954a0c800 JavaThread "C2 CompilerThread2" daemon [_thread_blocked, id=147243, stack(0x000000030cdce000,0x000000030cece000)]
  0x00007fd954a6f800 JavaThread "C2 CompilerThread1" daemon [_thread_blocked, id=147475, stack(0x000000030cccb000,0x000000030cdcb000)]
  0x00007fd954a6e800 JavaThread "C2 CompilerThread0" daemon [_thread_blocked, id=76319, stack(0x000000030cbc8000,0x000000030ccc8000)]
  0x00007fd9541e5000 JavaThread "Signal Dispatcher" daemon [_thread_blocked, id=67079, stack(0x000000030c9c5000,0x000000030cbc5000)]
  0x00007fd9549e2800 JavaThread "Surrogate Locker Thread (Concurrent GC)" daemon [_thread_blocked, id=154883, stack(0x000000030c7c2000,0x000000030c9c2000)]
  0x00007fd954983000 JavaThread "Finalizer" daemon [_thread_blocked, id=78007, stack(0x000000030c5bf000,0x000000030c7bf000)]
  0x00007fd954955000 JavaThread "Reference Handler" daemon [_thread_blocked, id=85591, stack(0x000000030c3bc000,0x000000030c5bc000)]
=>0x00007fd9548a1000 JavaThread "main" [_thread_in_native, id=259, stack(0x000000030a7be000,0x000000030afbe000)]

Other Threads:
  0x00007fd954229000 VMThread [stack: 0x000000030c2b9000,0x000000030c3b9000] [id=113467]
  0x00007fd9540de800 WatcherThread [stack: 0x000000030d1d7000,0x000000030d2d7000] [id=143399]

VM state:not at safepoint (normal execution)

VM Mutex/Monitor currently owned by a thread: None

Heap:
 par new generation   total 4928K, used 2112K [0x00000007a8000000, 0x00000007a8550000, 0x00000007b0000000)
  eden space 4416K,  47% used [0x00000007a8000000, 0x00000007a82102d0, 0x00000007a8450000)
  from space 512K,   0% used [0x00000007a8450000, 0x00000007a8450000, 0x00000007a84d0000)
  to   space 512K,   0% used [0x00000007a84d0000, 0x00000007a84d0000, 0x00000007a8550000)
 concurrent mark-sweep generation total 10944K, used 0K [0x00000007b0000000, 0x00000007b0ab0000, 0x00000007c0000000)
 Metaspace       used 3674K, capacity 4704K, committed 4864K, reserved 1056768K
  class space    used 407K, capacity 464K, committed 512K, reserved 1048576K

Card table byte_map: [0x000000011dc5c000,0x000000011dd1d000] byte_map_base: 0x0000000119f1c000

Marking Bits: (CMSBitMap*) 0x00007fd954918348
 Bits: [0x0000000121304000, 0x0000000121704000)

Mod Union Table: (CMSBitMap*) 0x00007fd954918408
 Bits: [0x000000011d5e7000, 0x000000011d5f7000)

Polling page: 0x000000010f8e8000

CodeCache: size=245760Kb used=1304Kb max_used=1304Kb free=244455Kb
 bounds [0x0000000129706000, 0x0000000129976000, 0x0000000138706000]
 total_blobs=373 nmethods=115 adapters=174
 compilation: enabled

Compilation events (10 events):
Event: 1.335 Thread 0x00007fd954a0d800 nmethod 112 0x0000000129849090 code [0x0000000129849320, 0x000000012984a5d8]
Event: 1.335 Thread 0x00007fd954a0d800  111       3       java.util.StringTokenizer::skipDelimiters (116 bytes)
Event: 1.336 Thread 0x00007fd954a0d800 nmethod 111 0x0000000129845b10 code [0x0000000129845d20, 0x0000000129846898]
Event: 1.336 Thread 0x00007fd954a0d800  113       3       java.util.concurrent.ConcurrentHashMap::addCount (292 bytes)
Event: 1.337 Thread 0x00007fd954a6f800 nmethod 109 0x0000000129847810 code [0x0000000129847960, 0x0000000129847ad8]
Event: 1.338 Thread 0x00007fd954a0d800 nmethod 113 0x0000000129847fd0 code [0x00000001298481e0, 0x0000000129848ce8]
Event: 1.338 Thread 0x00007fd954a0d800  114       3       java.lang.String::replace (127 bytes)
Event: 1.339 Thread 0x00007fd954a0d800 nmethod 114 0x000000012984b9d0 code [0x000000012984bb80, 0x000000012984c230]
Event: 1.339 Thread 0x00007fd954a0d800  115       1       sun.misc.URLClassPath$Loader::getBaseURL (5 bytes)
Event: 1.339 Thread 0x00007fd954a0d800 nmethod 115 0x0000000129845810 code [0x0000000129845960, 0x0000000129845a70]

GC Heap History (0 events):
No events

Deoptimization events (0 events):
No events

Internal exceptions (10 events):
Event: 1.315 Thread 0x00007fd9548a1000 Exception <a 'java/security/PrivilegedActionException'> (0x00000007a81cf0f0) thrown at [/Users/java_re/workspace/8-2-build-macosx-x86_64/jdk8u31/2394/hotspot/src/share/vm/prims/jvm.cpp, line 1312]
Event: 1.315 Thread 0x00007fd9548a1000 Exception <a 'java/security/PrivilegedActionException'> (0x00000007a81cf2a8) thrown at [/Users/java_re/workspace/8-2-build-macosx-x86_64/jdk8u31/2394/hotspot/src/share/vm/prims/jvm.cpp, line 1312]
Event: 1.316 Thread 0x00007fd9548a1000 Exception <a 'java/security/PrivilegedActionException'> (0x00000007a81d2248) thrown at [/Users/java_re/workspace/8-2-build-macosx-x86_64/jdk8u31/2394/hotspot/src/share/vm/prims/jvm.cpp, line 1312]
Event: 1.316 Thread 0x00007fd9548a1000 Exception <a 'java/security/PrivilegedActionException'> (0x00000007a81d2400) thrown at [/Users/java_re/workspace/8-2-build-macosx-x86_64/jdk8u31/2394/hotspot/src/share/vm/prims/jvm.cpp, line 1312]
Event: 1.322 Thread 0x00007fd9548a1000 Exception <a 'java/security/PrivilegedActionException'> (0x00000007a81d7400) thrown at [/Users/java_re/workspace/8-2-build-macosx-x86_64/jdk8u31/2394/hotspot/src/share/vm/prims/jvm.cpp, line 1312]
Event: 1.326 Thread 0x00007fd9548a1000 Exception <a 'java/security/PrivilegedActionException'> (0x00000007a81db038) thrown at [/Users/java_re/workspace/8-2-build-macosx-x86_64/jdk8u31/2394/hotspot/src/share/vm/prims/jvm.cpp, line 1312]
Event: 1.337 Thread 0x00007fd9548a1000 Exception <a 'java/security/PrivilegedActionException'> (0x00000007a81ee478) thrown at [/Users/java_re/workspace/8-2-build-macosx-x86_64/jdk8u31/2394/hotspot/src/share/vm/prims/jvm.cpp, line 1312]
Event: 1.337 Thread 0x00007fd9548a1000 Exception <a 'java/security/PrivilegedActionException'> (0x00000007a81f0c18) thrown at [/Users/java_re/workspace/8-2-build-macosx-x86_64/jdk8u31/2394/hotspot/src/share/vm/prims/jvm.cpp, line 1312]
Event: 1.337 Thread 0x00007fd9548a1000 Exception <a 'java/security/PrivilegedActionException'> (0x00000007a81f4488) thrown at [/Users/java_re/workspace/8-2-build-macosx-x86_64/jdk8u31/2394/hotspot/src/share/vm/prims/jvm.cpp, line 1312]
Event: 1.337 Thread 0x00007fd9548a1000 Exception <a 'java/security/PrivilegedActionException'> (0x00000007a81f6cf8) thrown at [/Users/java_re/workspace/8-2-build-macosx-x86_64/jdk8u31/2394/hotspot/src/share/vm/prims/jvm.cpp, line 1312]

Events (10 events):
Event: 1.341 loading class java/text/FieldPosition
Event: 1.341 loading class java/text/FieldPosition done
Event: 1.341 loading class java/text/DigitList
Event: 1.341 loading class java/text/DigitList done
Event: 1.341 loading class java/math/RoundingMode
Event: 1.342 loading class java/math/RoundingMode done
Event: 1.342 loading class java/util/Formattable
Event: 1.342 loading class java/util/Formattable done
Event: 5.203 Executing VM operation: EnableBiasedLocking
Event: 5.205 Executing VM operation: EnableBiasedLocking done


Dynamic libraries:
0x000000010fa60000 	/Applications/Stata/StataMP.app/Contents/Frameworks/Scintilla.framework/Versions/A/Scintilla
0x0000000012598000 	/System/Library/Frameworks/ApplicationServices.framework/Versions/A/ApplicationServices
0x0000000012598000 	/System/Library/Frameworks/CoreGraphics.framework/Versions/A/CoreGraphics
0x0000000012598000 	/System/Library/Frameworks/CoreText.framework/Versions/A/CoreText
0x0000000012598000 	/System/Library/Frameworks/ImageIO.framework/Versions/A/ImageIO
0x0000000012598000 	/System/Library/Frameworks/ColorSync.framework/Versions/A/ColorSync
0x0000000012598000 	/System/Library/Frameworks/ApplicationServices.framework/Versions/A/Frameworks/ATS.framework/Versions/A/ATS
0x0000000012598000 	/System/Library/Frameworks/CoreServices.framework/Versions/A/CoreServices
0x0000000012598000 	/System/Library/Frameworks/ApplicationServices.framework/Versions/A/Frameworks/HIServices.framework/Versions/A/HIServices
0x0000000012598000 	/System/Library/Frameworks/ApplicationServices.framework/Versions/A/Frameworks/PrintCore.framework/Versions/A/PrintCore
0x0000000012598000 	/System/Library/Frameworks/ApplicationServices.framework/Versions/A/Frameworks/QD.framework/Versions/A/QD
0x0000000012598000 	/System/Library/Frameworks/ApplicationServices.framework/Versions/A/Frameworks/ColorSyncLegacy.framework/Versions/A/ColorSyncLegacy
0x0000000012598000 	/System/Library/Frameworks/ApplicationServices.framework/Versions/A/Frameworks/SpeechSynthesis.framework/Versions/A/SpeechSynthesis
0x0000000012598000 	/usr/lib/libSystem.B.dylib
0x0000000012598000 	/System/Library/PrivateFrameworks/SkyLight.framework/Versions/A/SkyLight
0x0000000012598000 	/System/Library/PrivateFrameworks/SoftLinking.framework/Versions/A/SoftLinking
0x0000000012598000 	/usr/lib/libicucore.A.dylib
0x0000000012598000 	/System/Library/PrivateFrameworks/CoreAnalytics.framework/Versions/A/CoreAnalytics
0x0000000012598000 	/System/Library/PrivateFrameworks/FontServices.framework/libFontParser.dylib
0x0000000012598000 	/System/Library/Frameworks/Accelerate.framework/Versions/A/Accelerate
0x0000000012598000 	/System/Library/Frameworks/IOSurface.framework/Versions/A/IOSurface
0x0000000012598000 	/usr/lib/libxml2.2.dylib
0x0000000012598000 	/System/Library/Frameworks/CFNetwork.framework/Versions/A/CFNetwork
0x0000000012598000 	/System/Library/Frameworks/CoreFoundation.framework/Versions/A/CoreFoundation
0x0000000012598000 	/System/Library/Frameworks/Foundation.framework/Versions/C/Foundation
0x0000000012598000 	/usr/lib/libz.1.dylib
0x0000000012598000 	/usr/lib/libobjc.A.dylib
0x0000000012598000 	/usr/lib/libc++.1.dylib
0x0000000012598000 	/System/Library/PrivateFrameworks/RunningBoardServices.framework/Versions/A/RunningBoardServices
0x0000000012598000 	/usr/lib/libMobileGestalt.dylib
0x0000000012598000 	/System/Library/PrivateFrameworks/IOSurfaceAccelerator.framework/Versions/A/IOSurfaceAccelerator
0x0000000012598000 	/System/Library/PrivateFrameworks/WatchdogClient.framework/Versions/A/WatchdogClient
0x0000000012598000 	/usr/lib/libcompression.dylib
0x0000000012598000 	/usr/lib/libDiagnosticMessagesClient.dylib
0x0000000012598000 	/System/Library/Frameworks/SystemConfiguration.framework/Versions/A/SystemConfiguration
0x0000000012598000 	/System/Library/Frameworks/CoreDisplay.framework/Versions/A/CoreDisplay
0x0000000012598000 	/System/Library/PrivateFrameworks/IOMobileFramebuffer.framework/Versions/A/IOMobileFramebuffer
0x0000000012598000 	/System/Library/Frameworks/CoreMedia.framework/Versions/A/CoreMedia
0x0000000012598000 	/System/Library/PrivateFrameworks/IOAccelerator.framework/Versions/A/IOAccelerator
0x0000000012598000 	/System/Library/Frameworks/IOKit.framework/Versions/A/IOKit
0x0000000012598000 	/System/Library/Frameworks/Metal.framework/Versions/A/Metal
0x0000000012598000 	/System/Library/Frameworks/CoreVideo.framework/Versions/A/CoreVideo
0x0000000012598000 	/System/Library/Frameworks/MetalPerformanceShaders.framework/Versions/A/MetalPerformanceShaders
0x0000000012598000 	/System/Library/PrivateFrameworks/MultitouchSupport.framework/Versions/A/MultitouchSupport
0x0000000012598000 	/System/Library/Frameworks/Security.framework/Versions/A/Security
0x0000000012598000 	/System/Library/Frameworks/QuartzCore.framework/Versions/A/QuartzCore
0x0000000012598000 	/usr/lib/libbsm.0.dylib
0x0000000012598000 	/System/Library/Frameworks/VideoToolbox.framework/Versions/A/VideoToolbox
0x0000000012598000 	/System/Library/PrivateFrameworks/UserManagement.framework/Versions/A/UserManagement
0x0000000012598000 	/System/Library/PrivateFrameworks/BaseBoard.framework/Versions/A/BaseBoard
0x0000000012598000 	/System/Library/Frameworks/CoreServices.framework/Versions/A/Frameworks/FSEvents.framework/Versions/A/FSEvents
0x0000000012598000 	/System/Library/Frameworks/CoreServices.framework/Versions/A/Frameworks/CarbonCore.framework/Versions/A/CarbonCore
0x0000000012598000 	/System/Library/Frameworks/CoreServices.framework/Versions/A/Frameworks/Metadata.framework/Versions/A/Metadata
0x0000000012598000 	/System/Library/Frameworks/CoreServices.framework/Versions/A/Frameworks/OSServices.framework/Versions/A/OSServices
0x0000000012598000 	/System/Library/Frameworks/CoreServices.framework/Versions/A/Frameworks/SearchKit.framework/Versions/A/SearchKit
0x0000000012598000 	/System/Library/Frameworks/CoreServices.framework/Versions/A/Frameworks/AE.framework/Versions/A/AE
0x0000000012598000 	/System/Library/Frameworks/CoreServices.framework/Versions/A/Frameworks/LaunchServices.framework/Versions/A/LaunchServices
0x0000000012598000 	/System/Library/Frameworks/CoreServices.framework/Versions/A/Frameworks/DictionaryServices.framework/Versions/A/DictionaryServices
0x0000000012598000 	/System/Library/Frameworks/CoreServices.framework/Versions/A/Frameworks/SharedFileList.framework/Versions/A/SharedFileList
0x0000000012598000 	/usr/lib/libapple_nghttp2.dylib
0x0000000012598000 	/usr/lib/libsqlite3.dylib
0x0000000012598000 	/System/Library/Frameworks/Network.framework/Versions/A/Network
0x0000000012598000 	/System/Library/PrivateFrameworks/CoreServicesInternal.framework/Versions/A/CoreServicesInternal
0x0000000012598000 	/usr/lib/liboah.dylib
0x0000000012598000 	/usr/lib/libfakelink.dylib
0x0000000012598000 	/usr/lib/libc++abi.dylib
0x0000000012598000 	/usr/lib/system/libcache.dylib
0x0000000012598000 	/usr/lib/system/libcommonCrypto.dylib
0x0000000012598000 	/usr/lib/system/libcompiler_rt.dylib
0x0000000012598000 	/usr/lib/system/libcopyfile.dylib
0x0000000012598000 	/usr/lib/system/libcorecrypto.dylib
0x0000000012598000 	/usr/lib/system/libdispatch.dylib
0x0000000012598000 	/usr/lib/system/libdyld.dylib
0x0000000012598000 	/usr/lib/system/libkeymgr.dylib
0x0000000012598000 	/usr/lib/system/libmacho.dylib
0x0000000012598000 	/usr/lib/system/libquarantine.dylib
0x0000000012598000 	/usr/lib/system/libremovefile.dylib
0x0000000012598000 	/usr/lib/system/libsystem_asl.dylib
0x0000000012598000 	/usr/lib/system/libsystem_blocks.dylib
0x0000000012598000 	/usr/lib/system/libsystem_c.dylib
0x0000000012598000 	/usr/lib/system/libsystem_collections.dylib
0x0000000012598000 	/usr/lib/system/libsystem_configuration.dylib
0x0000000012598000 	/usr/lib/system/libsystem_containermanager.dylib
0x0000000012598000 	/usr/lib/system/libsystem_coreservices.dylib
0x0000000012598000 	/usr/lib/system/libsystem_darwin.dylib
0x0000000012598000 	/usr/lib/system/libsystem_darwindirectory.dylib
0x0000000012598000 	/usr/lib/system/libsystem_dnssd.dylib
0x0000000012598000 	/usr/lib/system/libsystem_featureflags.dylib
0x0000000012598000 	/usr/lib/system/libsystem_info.dylib
0x0000000012598000 	/usr/lib/system/libsystem_m.dylib
0x0000000012598000 	/usr/lib/system/libsystem_malloc.dylib
0x0000000012598000 	/usr/lib/system/libsystem_networkextension.dylib
0x0000000012598000 	/usr/lib/system/libsystem_notify.dylib
0x0000000012598000 	/usr/lib/system/libsystem_sandbox.dylib
0x0000000012598000 	/usr/lib/system/libsystem_secinit.dylib
0x0000000012598000 	/usr/lib/system/libsystem_kernel.dylib
0x0000000012598000 	/usr/lib/system/libsystem_platform.dylib
0x0000000012598000 	/usr/lib/system/libsystem_pthread.dylib
0x0000000012598000 	/usr/lib/system/libsystem_symptoms.dylib
0x0000000012598000 	/usr/lib/system/libsystem_trace.dylib
0x0000000012598000 	/usr/lib/system/libunwind.dylib
0x0000000012598000 	/usr/lib/system/libxpc.dylib
0x0000000012598000 	/usr/lib/libenergytrace.dylib
0x0000000012598000 	/usr/lib/system/libkxld.dylib
0x0000000012598000 	/System/Library/PrivateFrameworks/CoreAutoLayout.framework/Versions/A/CoreAutoLayout
0x0000000012598000 	/System/Library/Frameworks/DiskArbitration.framework/Versions/A/DiskArbitration
0x0000000012598000 	/usr/lib/libarchive.2.dylib
0x0000000012598000 	/usr/lib/liblangid.dylib
0x0000000012598000 	/System/Library/Frameworks/Combine.framework/Versions/A/Combine
0x0000000012598000 	/System/Library/PrivateFrameworks/CollectionsInternal.framework/Versions/A/CollectionsInternal
0x0000000012598000 	/System/Library/PrivateFrameworks/ReflectionInternal.framework/Versions/A/ReflectionInternal
0x0000000012598000 	/System/Library/PrivateFrameworks/RuntimeInternal.framework/Versions/A/RuntimeInternal
0x0000000012598000 	/usr/lib/swift/libswiftCore.dylib
0x0000000012598000 	/usr/lib/swift/libswiftCoreFoundation.dylib
0x0000000012598000 	/usr/lib/swift/libswiftDarwin.dylib
0x0000000012598000 	/usr/lib/swift/libswiftDispatch.dylib
0x0000000012598000 	/usr/lib/swift/libswiftIOKit.dylib
0x0000000012598000 	/usr/lib/swift/libswiftObjectiveC.dylib
0x0000000012598000 	/usr/lib/swift/libswiftXPC.dylib
0x0000000012598000 	/usr/lib/swift/libswift_Concurrency.dylib
0x0000000012598000 	/usr/lib/swift/libswift_StringProcessing.dylib
0x0000000012598000 	/usr/lib/swift/libswiftos.dylib
0x0000000012598000 	/System/Library/PrivateFrameworks/AppleSystemInfo.framework/Versions/A/AppleSystemInfo
0x0000000012598000 	/usr/lib/libpcap.A.dylib
0x0000000012598000 	/usr/lib/libdns_services.dylib
0x0000000012598000 	/System/Library/PrivateFrameworks/ProtocolBuffer.framework/Versions/A/ProtocolBuffer
0x0000000012598000 	/usr/lib/libcoretls_cfhelpers.dylib
0x0000000012598000 	/usr/lib/libnetwork.dylib
0x0000000012598000 	/usr/lib/liblzma.5.dylib
0x0000000012598000 	/usr/lib/libcoretls.dylib
0x0000000012598000 	/usr/lib/libCoreEntitlements.dylib
0x0000000012598000 	/System/Library/PrivateFrameworks/MessageSecurity.framework/Versions/A/MessageSecurity
0x0000000012598000 	/System/Library/PrivateFrameworks/AppleFSCompression.framework/Versions/A/AppleFSCompression
0x0000000012598000 	/usr/lib/libpam.2.dylib
0x0000000012598000 	/usr/lib/libxar.1.dylib
0x0000000012598000 	/usr/lib/libheimdal-asn1.dylib
0x0000000012598000 	/usr/lib/libbz2.1.0.dylib
0x0000000012598000 	/usr/lib/swift/libswift_RegexParser.dylib
0x0000000012598000 	/usr/lib/libiconv.2.dylib
0x0000000012598000 	/usr/lib/libcharset.1.dylib
0x0000000012598000 	/usr/lib/libCheckFix.dylib
0x0000000012598000 	/System/Library/PrivateFrameworks/TCC.framework/Versions/A/TCC
0x0000000012598000 	/System/Library/PrivateFrameworks/CoreNLP.framework/Versions/A/CoreNLP
0x0000000012598000 	/System/Library/PrivateFrameworks/MetadataUtilities.framework/Versions/A/MetadataUtilities
0x0000000012598000 	/usr/lib/libmecab.dylib
0x0000000012598000 	/usr/lib/libCRFSuite.dylib
0x0000000012598000 	/usr/lib/libgermantok.dylib
0x0000000012598000 	/usr/lib/libThaiTokenizer.dylib
0x0000000012598000 	/System/Library/Frameworks/Accelerate.framework/Versions/A/Frameworks/vImage.framework/Versions/A/vImage
0x0000000012598000 	/System/Library/Frameworks/Accelerate.framework/Versions/A/Frameworks/vecLib.framework/Versions/A/vecLib
0x0000000012598000 	/System/Library/Frameworks/Accelerate.framework/Versions/A/Frameworks/vecLib.framework/Versions/A/libvMisc.dylib
0x0000000012598000 	/System/Library/Frameworks/Accelerate.framework/Versions/A/Frameworks/vecLib.framework/Versions/A/libvDSP.dylib
0x0000000012598000 	/System/Library/Frameworks/Accelerate.framework/Versions/A/Frameworks/vecLib.framework/Versions/A/libBLAS.dylib
0x0000000012598000 	/System/Library/Frameworks/Accelerate.framework/Versions/A/Frameworks/vecLib.framework/Versions/A/libLAPACK.dylib
0x0000000012598000 	/System/Library/Frameworks/Accelerate.framework/Versions/A/Frameworks/vecLib.framework/Versions/A/libLinearAlgebra.dylib
0x0000000012598000 	/System/Library/Frameworks/Accelerate.framework/Versions/A/Frameworks/vecLib.framework/Versions/A/libSparseBLAS.dylib
0x0000000012598000 	/System/Library/Frameworks/Accelerate.framework/Versions/A/Frameworks/vecLib.framework/Versions/A/libQuadrature.dylib
0x0000000012598000 	/System/Library/Frameworks/Accelerate.framework/Versions/A/Frameworks/vecLib.framework/Versions/A/libBNNS.dylib
0x0000000012598000 	/System/Library/Frameworks/Accelerate.framework/Versions/A/Frameworks/vecLib.framework/Versions/A/libSparse.dylib
0x0000000012598000 	/System/Library/PrivateFrameworks/MIL.framework/Versions/A/MIL
0x0000000012598000 	/System/Library/Frameworks/OpenDirectory.framework/Versions/A/Frameworks/CFOpenDirectory.framework/Versions/A/CFOpenDirectory
0x0000000012598000 	/System/Library/Frameworks/OpenDirectory.framework/Versions/A/OpenDirectory
0x0000000012598000 	/System/Library/PrivateFrameworks/APFS.framework/Versions/A/APFS
0x0000000012598000 	/System/Library/Frameworks/SecurityFoundation.framework/Versions/A/SecurityFoundation
0x0000000012598000 	/usr/lib/libutil.dylib
0x0000000012598000 	/System/Library/PrivateFrameworks/InstalledContentLibrary.framework/Versions/A/InstalledContentLibrary
0x0000000012598000 	/System/Library/PrivateFrameworks/CoreServicesStore.framework/Versions/A/CoreServicesStore
0x0000000012598000 	/usr/lib/libapp_launch_measurement.dylib
0x0000000012598000 	/System/Library/PrivateFrameworks/AppleMobileFileIntegrity.framework/Versions/A/AppleMobileFileIntegrity
0x0000000012598000 	/usr/lib/libmis.dylib
0x0000000012598000 	/System/Library/PrivateFrameworks/MobileSystemServices.framework/Versions/A/MobileSystemServices
0x0000000012598000 	/System/Library/PrivateFrameworks/ConfigProfileHelper.framework/Versions/A/ConfigProfileHelper
0x0000000012598000 	/System/Library/PrivateFrameworks/AppleSauce.framework/Versions/A/AppleSauce
0x0000000012598000 	/System/Library/PrivateFrameworks/LanguageModeling.framework/Versions/A/LanguageModeling
0x0000000012598000 	/usr/lib/libxslt.1.dylib
0x0000000012598000 	/usr/lib/libcmph.dylib
0x0000000012598000 	/System/Library/PrivateFrameworks/CoreEmoji.framework/Versions/A/CoreEmoji
0x0000000012598000 	/System/Library/PrivateFrameworks/LinguisticData.framework/Versions/A/LinguisticData
0x0000000012598000 	/System/Library/PrivateFrameworks/Lexicon.framework/Versions/A/Lexicon
0x0000000012598000 	/System/Library/PrivateFrameworks/BackgroundTaskManagement.framework/Versions/A/BackgroundTaskManagement
0x0000000012598000 	/usr/lib/libTLE.dylib
0x0000000012598000 	/System/Library/PrivateFrameworks/MobileKeyBag.framework/Versions/A/MobileKeyBag
0x0000000012598000 	/System/Library/PrivateFrameworks/AggregateDictionary.framework/Versions/A/AggregateDictionary
0x0000000012598000 	/System/Library/PrivateFrameworks/AppleKeyStore.framework/Versions/A/AppleKeyStore
0x0000000012598000 	/System/Library/PrivateFrameworks/AppleJPEG.framework/Versions/A/AppleJPEG
0x0000000012598000 	/usr/lib/libexpat.1.dylib
0x0000000012598000 	/System/Library/Frameworks/ImageIO.framework/Versions/A/Resources/libPng.dylib
0x0000000012598000 	/System/Library/Frameworks/ImageIO.framework/Versions/A/Resources/libTIFF.dylib
0x0000000012598000 	/System/Library/Frameworks/ImageIO.framework/Versions/A/Resources/libGIF.dylib
0x0000000012598000 	/System/Library/Frameworks/ImageIO.framework/Versions/A/Resources/libJP2.dylib
0x0000000012598000 	/usr/lib/libate.dylib
0x0000000012598000 	/System/Library/Frameworks/ImageIO.framework/Versions/A/Resources/libJPEG.dylib
0x0000000012598000 	/System/Library/Frameworks/ImageIO.framework/Versions/A/Resources/libRadiance.dylib
0x0000000012598000 	/System/Library/PrivateFrameworks/GPUCompiler.framework/Versions/32023/Libraries/libllvm-flatbuffers.dylib
0x0000000012598000 	/System/Library/Frameworks/OpenGL.framework/Versions/A/Libraries/libCoreFSCache.dylib
0x0000000012598000 	/System/Library/PrivateFrameworks/GPUCompiler.framework/Versions/32023/Libraries/libGPUCompilerUtils.dylib
0x0000000012598000 	/System/Library/PrivateFrameworks/GPUWrangler.framework/Versions/A/GPUWrangler
0x0000000012598000 	/System/Library/PrivateFrameworks/IOPresentment.framework/Versions/A/IOPresentment
0x0000000012598000 	/System/Library/PrivateFrameworks/DSExternalDisplay.framework/Versions/A/DSExternalDisplay
0x0000000012598000 	/System/Library/PrivateFrameworks/CMCaptureCore.framework/Versions/A/CMCaptureCore
0x0000000012598000 	/usr/lib/libspindump.dylib
0x0000000012598000 	/System/Library/Frameworks/CoreAudio.framework/Versions/A/CoreAudio
0x0000000012598000 	/System/Library/Frameworks/ExtensionFoundation.framework/Versions/A/ExtensionFoundation
0x0000000012598000 	/System/Library/PrivateFrameworks/CoreTime.framework/Versions/A/CoreTime
0x0000000012598000 	/System/Library/PrivateFrameworks/AppServerSupport.framework/Versions/A/AppServerSupport
0x0000000012598000 	/System/Library/PrivateFrameworks/perfdata.framework/Versions/A/perfdata
0x0000000012598000 	/System/Library/PrivateFrameworks/AudioToolboxCore.framework/Versions/A/AudioToolboxCore
0x0000000012598000 	/System/Library/PrivateFrameworks/caulk.framework/Versions/A/caulk
0x0000000012598000 	/usr/lib/libAudioStatistics.dylib
0x0000000012598000 	/System/Library/PrivateFrameworks/SystemPolicy.framework/Versions/A/SystemPolicy
0x0000000012598000 	/usr/lib/libSMC.dylib
0x0000000012598000 	/System/Library/Frameworks/CoreMIDI.framework/Versions/A/CoreMIDI
0x0000000012598000 	/usr/lib/libAudioToolboxUtility.dylib
0x0000000012598000 	/System/Library/PrivateFrameworks/OSAServicesClient.framework/Versions/A/OSAServicesClient
0x0000000012598000 	/usr/lib/libperfcheck.dylib
0x0000000012598000 	/System/Library/PrivateFrameworks/PlugInKit.framework/Versions/A/PlugInKit
0x0000000012598000 	/System/Library/PrivateFrameworks/AssertionServices.framework/Versions/A/AssertionServices
0x0000000012598000 	/usr/lib/swift/libswiftMetal.dylib
0x0000000012598000 	/System/Library/Frameworks/OpenGL.framework/Versions/A/OpenGL
0x0000000012598000 	/System/Library/Frameworks/OpenGL.framework/Versions/A/Libraries/libGLU.dylib
0x0000000012598000 	/System/Library/Frameworks/OpenGL.framework/Versions/A/Libraries/libGFXShared.dylib
0x0000000012598000 	/System/Library/Frameworks/OpenGL.framework/Versions/A/Libraries/libGL.dylib
0x0000000012598000 	/System/Library/Frameworks/OpenGL.framework/Versions/A/Libraries/libGLImage.dylib
0x0000000012598000 	/System/Library/Frameworks/OpenGL.framework/Versions/A/Libraries/libCVMSPluginSupport.dylib
0x0000000012598000 	/usr/lib/libRosetta.dylib
0x0000000012598000 	/System/Library/Frameworks/OpenGL.framework/Versions/A/Libraries/libCoreVMClient.dylib
0x0000000012598000 	/System/Library/Frameworks/MetalPerformanceShaders.framework/Versions/A/Frameworks/MPSCore.framework/Versions/A/MPSCore
0x0000000012598000 	/System/Library/Frameworks/MetalPerformanceShaders.framework/Versions/A/Frameworks/MPSImage.framework/Versions/A/MPSImage
0x0000000012598000 	/System/Library/Frameworks/MetalPerformanceShaders.framework/Versions/A/Frameworks/MPSNeuralNetwork.framework/Versions/A/MPSNeuralNetwork
0x0000000012598000 	/System/Library/Frameworks/MetalPerformanceShaders.framework/Versions/A/Frameworks/MPSMatrix.framework/Versions/A/MPSMatrix
0x0000000012598000 	/System/Library/Frameworks/MetalPerformanceShaders.framework/Versions/A/Frameworks/MPSRayIntersector.framework/Versions/A/MPSRayIntersector
0x0000000012598000 	/System/Library/Frameworks/MetalPerformanceShaders.framework/Versions/A/Frameworks/MPSNDArray.framework/Versions/A/MPSNDArray
0x0000000012598000 	/System/Library/Frameworks/MetalPerformanceShaders.framework/Versions/A/Frameworks/MPSFunctions.framework/Versions/A/MPSFunctions
0x0000000012598000 	/System/Library/Frameworks/MetalPerformanceShaders.framework/Versions/A/Frameworks/MPSBenchmarkLoop.framework/Versions/A/MPSBenchmarkLoop
0x0000000012598000 	/System/Library/PrivateFrameworks/MetalTools.framework/Versions/A/MetalTools
0x0000000012598000 	/System/Library/PrivateFrameworks/IOAccelMemoryInfo.framework/Versions/A/IOAccelMemoryInfo
0x0000000012598000 	/System/Library/PrivateFrameworks/kperf.framework/Versions/A/kperf
0x0000000012598000 	/System/Library/PrivateFrameworks/GPURawCounter.framework/Versions/A/GPURawCounter
0x0000000012598000 	/System/Library/Frameworks/CoreImage.framework/Versions/A/CoreImage
0x0000000012598000 	/System/Library/PrivateFrameworks/Symbolication.framework/Versions/A/Symbolication
0x0000000012598000 	/System/Library/PrivateFrameworks/PhotosensitivityProcessing.framework/Versions/A/PhotosensitivityProcessing
0x0000000012598000 	/System/Library/Frameworks/OpenCL.framework/Versions/A/OpenCL
0x0000000012598000 	/System/Library/PrivateFrameworks/GraphVisualizer.framework/Versions/A/GraphVisualizer
0x0000000012598000 	/System/Library/PrivateFrameworks/FontServices.framework/Versions/A/FontServices
0x0000000012598000 	/System/Library/Frameworks/UniformTypeIdentifiers.framework/Versions/A/UniformTypeIdentifiers
0x0000000012598000 	/System/Library/PrivateFrameworks/OTSVG.framework/Versions/A/OTSVG
0x0000000012598000 	/System/Library/Frameworks/ApplicationServices.framework/Versions/A/Frameworks/ATS.framework/Versions/A/Resources/libFontRegistry.dylib
0x0000000012598000 	/System/Library/PrivateFrameworks/FontServices.framework/libhvf.dylib
0x0000000012598000 	/System/Library/PrivateFrameworks/FontServices.framework/libXTFontStaticRegistryData.dylib
0x0000000012598000 	/System/Library/PrivateFrameworks/CoreSymbolication.framework/Versions/A/CoreSymbolication
0x0000000012598000 	/System/Library/PrivateFrameworks/MallocStackLogging.framework/Versions/A/MallocStackLogging
0x0000000012598000 	/System/Library/PrivateFrameworks/CrashReporterSupport.framework/Versions/A/CrashReporterSupport
0x0000000012598000 	/System/Library/PrivateFrameworks/DebugSymbols.framework/Versions/A/DebugSymbols
0x0000000012598000 	/System/Library/PrivateFrameworks/OSAnalytics.framework/Versions/A/OSAnalytics
0x0000000012598000 	/usr/lib/swift/libswiftsimd.dylib
0x0000000012598000 	/System/Library/PrivateFrameworks/VideoToolboxParavirtualizationSupport.framework/Versions/A/VideoToolboxParavirtualizationSupport
0x0000000012598000 	/System/Library/PrivateFrameworks/AppleVA.framework/Versions/A/AppleVA
0x0000000012598000 	/System/Library/Frameworks/ApplicationServices.framework/Versions/A/Frameworks/ATSUI.framework/Versions/A/ATSUI
0x0000000012598000 	/usr/lib/libcups.2.dylib
0x0000000012598000 	/System/Library/Frameworks/Kerberos.framework/Versions/A/Kerberos
0x0000000012598000 	/System/Library/Frameworks/GSS.framework/Versions/A/GSS
0x0000000012598000 	/usr/lib/libresolv.9.dylib
0x0000000012598000 	/System/Library/PrivateFrameworks/Heimdal.framework/Versions/A/Heimdal
0x0000000012598000 	/System/Library/Frameworks/Kerberos.framework/Versions/A/Libraries/libHeimdalProxy.dylib
0x0000000012598000 	/System/Library/PrivateFrameworks/CommonAuth.framework/Versions/A/CommonAuth
0x0000000012598000 	/System/Library/Frameworks/AVFAudio.framework/Versions/A/AVFAudio
0x0000000012598000 	/System/Library/PrivateFrameworks/AXCoreUtilities.framework/Versions/A/AXCoreUtilities
0x0000000012598000 	/System/Library/Frameworks/AudioToolbox.framework/Versions/A/AudioToolbox
0x0000000012598000 	/System/Library/PrivateFrameworks/AudioSession.framework/Versions/A/AudioSession
0x0000000012598000 	/System/Library/Frameworks/IOBluetooth.framework/Versions/A/IOBluetooth
0x0000000012598000 	/System/Library/PrivateFrameworks/MediaExperience.framework/Versions/A/MediaExperience
0x0000000012598000 	/System/Library/PrivateFrameworks/AudioSession.framework/libSessionUtility.dylib
0x0000000012598000 	/System/Library/PrivateFrameworks/AudioResourceArbitration.framework/Versions/A/AudioResourceArbitration
0x0000000012598000 	/System/Library/PrivateFrameworks/PowerLog.framework/Versions/A/PowerLog
0x0000000012598000 	/System/Library/Frameworks/CoreData.framework/Versions/A/CoreData
0x0000000012598000 	/System/Library/Frameworks/CoreBluetooth.framework/Versions/A/CoreBluetooth
0x0000000012598000 	/System/Library/Frameworks/AudioUnit.framework/Versions/A/AudioUnit
0x0000000012598000 	/System/Library/PrivateFrameworks/CoreUtils.framework/Versions/A/CoreUtils
0x0000000012598000 	/System/Library/PrivateFrameworks/CoreUtilsExtras.framework/Versions/A/CoreUtilsExtras
0x0000000012598000 	/System/Library/PrivateFrameworks/IO80211.framework/Versions/A/IO80211
0x0000000012598000 	/System/Library/Frameworks/Cocoa.framework/Versions/A/Cocoa
0x0000000012598000 	/System/Library/Frameworks/AppKit.framework/Versions/C/AppKit
0x0000000012598000 	/System/Library/PrivateFrameworks/UIFoundation.framework/Versions/A/UIFoundation
0x0000000012598000 	/System/Library/PrivateFrameworks/CollectionViewCore.framework/Versions/A/CollectionViewCore
0x0000000012598000 	/System/Library/PrivateFrameworks/RemoteViewServices.framework/Versions/A/RemoteViewServices
0x0000000012598000 	/System/Library/PrivateFrameworks/XCTTargetBootstrap.framework/Versions/A/XCTTargetBootstrap
0x0000000012598000 	/System/Library/PrivateFrameworks/InternationalSupport.framework/Versions/A/InternationalSupport
0x0000000012598000 	/System/Library/PrivateFrameworks/UserActivity.framework/Versions/A/UserActivity
0x0000000012598000 	/System/Library/PrivateFrameworks/WindowManagement.framework/Versions/A/WindowManagement
0x0000000012598000 	/System/Library/PrivateFrameworks/CoreSVG.framework/Versions/A/CoreSVG
0x0000000012598000 	/System/Library/PrivateFrameworks/IconServices.framework/Versions/A/IconServices
0x0000000012598000 	/System/Library/PrivateFrameworks/DFRFoundation.framework/Versions/A/DFRFoundation
0x0000000012598000 	/System/Library/PrivateFrameworks/DataDetectorsCore.framework/Versions/A/DataDetectorsCore
0x0000000012598000 	/System/Library/PrivateFrameworks/TextInput.framework/Versions/A/TextInput
0x0000000012598000 	/System/Library/Frameworks/Carbon.framework/Versions/A/Frameworks/HIToolbox.framework/Versions/A/HIToolbox
0x0000000012598000 	/System/Library/Frameworks/Carbon.framework/Versions/A/Frameworks/SpeechRecognition.framework/Versions/A/SpeechRecognition
0x0000000012598000 	/System/Library/PrivateFrameworks/CoreUI.framework/Versions/A/CoreUI
0x0000000012598000 	/System/Library/PrivateFrameworks/RenderBox.framework/Versions/A/RenderBox
0x0000000012598000 	/System/Library/PrivateFrameworks/PerformanceAnalysis.framework/Versions/A/PerformanceAnalysis
0x0000000012598000 	/System/Library/Frameworks/Accessibility.framework/Versions/A/Accessibility
0x0000000012598000 	/System/Library/Frameworks/CoreTransferable.framework/Versions/A/CoreTransferable
0x0000000012598000 	/System/Library/Frameworks/DeveloperToolsSupport.framework/Versions/A/DeveloperToolsSupport
0x0000000012598000 	/System/Library/Frameworks/Symbols.framework/Versions/A/Symbols
0x0000000012598000 	/usr/lib/swift/libswiftCoreGraphics.dylib
0x0000000012598000 	/usr/lib/swift/libswiftCoreImage.dylib
0x0000000012598000 	/usr/lib/swift/libswiftOSLog.dylib
0x0000000012598000 	/usr/lib/swift/libswiftQuartzCore.dylib
0x0000000012598000 	/usr/lib/swift/libswiftUniformTypeIdentifiers.dylib
0x0000000012598000 	/System/Library/PrivateFrameworks/TextureIO.framework/Versions/A/TextureIO
0x0000000012598000 	/System/Library/PrivateFrameworks/FrontBoardServices.framework/Versions/A/FrontBoardServices
0x0000000012598000 	/System/Library/PrivateFrameworks/BackBoardServices.framework/Versions/A/BackBoardServices
0x0000000012598000 	/System/Library/PrivateFrameworks/BoardServices.framework/Versions/A/BoardServices
0x0000000012598000 	/System/Library/PrivateFrameworks/IconFoundation.framework/Versions/A/IconFoundation
0x0000000012598000 	/System/Library/PrivateFrameworks/SpeechRecognitionCore.framework/Versions/A/SpeechRecognitionCore
0x0000000012598000 	/usr/lib/libAccessibility.dylib
0x0000000012598000 	/System/Library/Frameworks/MediaAccessibility.framework/Versions/A/MediaAccessibility
0x0000000012598000 	/System/Library/Frameworks/OSLog.framework/Versions/A/OSLog
0x0000000012598000 	/System/Library/PrivateFrameworks/LoggingSupport.framework/Versions/A/LoggingSupport
0x0000000012598000 	/usr/lib/libstdc++.6.dylib
0x0000000012598000 	/System/Library/Frameworks/FileProvider.framework/Versions/A/FileProvider
0x0000000012598000 	/System/Library/Frameworks/Accounts.framework/Versions/A/Accounts
0x0000000012598000 	/System/Library/PrivateFrameworks/GenerationalStorage.framework/Versions/A/GenerationalStorage
0x0000000012598000 	/System/Library/PrivateFrameworks/SymptomDiagnosticReporter.framework/Versions/A/SymptomDiagnosticReporter
0x0000000012598000 	/System/Library/PrivateFrameworks/DesktopServicesPriv.framework/Versions/A/DesktopServicesPriv
0x0000000012598000 	/usr/lib/libsandbox.1.dylib
0x0000000012598000 	/System/Library/PrivateFrameworks/NetAuth.framework/Versions/A/NetAuth
0x0000000012598000 	/System/Library/PrivateFrameworks/Sharing.framework/Versions/A/Sharing
0x0000000012598000 	/System/Library/PrivateFrameworks/login.framework/Versions/A/Frameworks/loginsupport.framework/Versions/A/loginsupport
0x0000000012598000 	/System/Library/PrivateFrameworks/Apple80211.framework/Versions/A/Apple80211
0x0000000012598000 	/System/Library/PrivateFrameworks/AuthKit.framework/Versions/A/AuthKit
0x0000000012598000 	/System/Library/Frameworks/CoreWLAN.framework/Versions/A/CoreWLAN
0x0000000012598000 	/usr/lib/swift/libswiftCoreAudio.dylib
0x0000000012598000 	/usr/lib/swift/libswiftCoreLocation.dylib
0x0000000012598000 	/usr/lib/libIOReport.dylib
0x0000000012598000 	/System/Library/PrivateFrameworks/CoreWiFi.framework/Versions/A/CoreWiFi
0x0000000012598000 	/System/Library/PrivateFrameworks/WiFiPeerToPeer.framework/Versions/A/WiFiPeerToPeer
0x0000000012598000 	/System/Library/Frameworks/UserNotifications.framework/Versions/A/UserNotifications
0x0000000012598000 	/System/Library/PrivateFrameworks/CorePhoneNumbers.framework/Versions/A/CorePhoneNumbers
0x0000000012598000 	/System/Library/PrivateFrameworks/MultiverseSupport.framework/Versions/A/MultiverseSupport
0x0000000012598000 	/System/Library/PrivateFrameworks/RemoteServiceDiscovery.framework/Versions/A/RemoteServiceDiscovery
0x0000000012598000 	/System/Library/PrivateFrameworks/DiskManagement.framework/Versions/A/DiskManagement
0x0000000012598000 	/System/Library/PrivateFrameworks/AppleIDAuthSupport.framework/Versions/A/AppleIDAuthSupport
0x0000000012598000 	/System/Library/PrivateFrameworks/AAAFoundation.framework/Versions/A/AAAFoundation
0x0000000012598000 	/System/Library/PrivateFrameworks/KeychainCircle.framework/Versions/A/KeychainCircle
0x0000000012598000 	/System/Library/PrivateFrameworks/RemoteXPC.framework/Versions/A/RemoteXPC
0x0000000012598000 	/usr/lib/libcsfde.dylib
0x0000000012598000 	/usr/lib/libCoreStorage.dylib
0x0000000012598000 	/System/Library/PrivateFrameworks/MediaKit.framework/Versions/A/MediaKit
0x0000000012598000 	/System/Library/Frameworks/DiscRecording.framework/Versions/A/DiscRecording
0x0000000012598000 	/System/Library/PrivateFrameworks/ProtectedCloudStorage.framework/Versions/A/ProtectedCloudStorage
0x0000000012598000 	/System/Library/PrivateFrameworks/EFILogin.framework/Versions/A/EFILogin
0x0000000012598000 	/System/Library/PrivateFrameworks/OctagonTrust.framework/Versions/A/OctagonTrust
0x0000000012598000 	/System/Library/Frameworks/CoreLocation.framework/Versions/A/CoreLocation
0x0000000012598000 	/System/Library/PrivateFrameworks/GeoServices.framework/Versions/A/GeoServices
0x0000000012598000 	/System/Library/PrivateFrameworks/LocationSupport.framework/Versions/A/LocationSupport
0x0000000012598000 	/System/Library/PrivateFrameworks/GeoServicesCore.framework/Versions/A/GeoServicesCore
0x0000000012598000 	/System/Library/PrivateFrameworks/PhoneNumbers.framework/Versions/A/PhoneNumbers
0x0000000012598000 	/usr/lib/libMatch.1.dylib
0x0000000012598000 	/System/Library/CoreServices/RawCamera.bundle/Contents/MacOS/RawCamera
0x0000000012598000 	/System/Library/PrivateFrameworks/MobileAsset.framework/Versions/A/MobileAsset
0x0000000012598000 	/System/Library/PrivateFrameworks/AppleJPEGXL.framework/Versions/A/AppleJPEGXL
0x0000000012598000 	/System/Library/PrivateFrameworks/SoftwareUpdateCoreSupport.framework/Versions/A/SoftwareUpdateCoreSupport
0x0000000012598000 	/System/Library/PrivateFrameworks/SoftwareUpdateCoreConnect.framework/Versions/A/SoftwareUpdateCoreConnect
0x0000000012598000 	/System/Library/PrivateFrameworks/StreamingZip.framework/Versions/A/StreamingZip
0x0000000012598000 	/System/Library/PrivateFrameworks/MSUDataAccessor.framework/Versions/A/MSUDataAccessor
0x0000000012598000 	/usr/lib/libbootpolicy.dylib
0x0000000012598000 	/usr/lib/libpartition2_dynamic.dylib
0x0000000012598000 	/System/Library/PrivateFrameworks/CMPhoto.framework/Versions/A/CMPhoto
0x0000000012598000 	/System/Library/PrivateFrameworks/AppleVPA.framework/Versions/A/AppleVPA
0x0000000012598000 	/System/Library/Frameworks/MediaToolbox.framework/Versions/A/MediaToolbox
0x0000000012598000 	/System/Library/PrivateFrameworks/CoreAVCHD.framework/Versions/A/CoreAVCHD
0x0000000012598000 	/System/Library/PrivateFrameworks/Mangrove.framework/Versions/A/Mangrove
0x0000000012598000 	/System/Library/Frameworks/CoreTelephony.framework/Versions/A/CoreTelephony
0x0000000012598000 	/System/Library/PrivateFrameworks/CoreAUC.framework/Versions/A/CoreAUC
0x0000000012598000 	/usr/lib/libTelephonyUtilDynamic.dylib
0x00000001137e3000 	/usr/lib/libobjc-trampolines.dylib
0x0000000012598000 	/System/Library/Frameworks/Accelerate.framework/Versions/A/Frameworks/vImage.framework/Versions/A/Libraries/libCGInterfaces.dylib
0x0000000012598000 	/System/Library/PrivateFrameworks/ViewBridge.framework/Versions/A/ViewBridge
0x0000000012598000 	/usr/lib/libAccessibilityBaseImplementations.dylib
0x0000000012598000 	/System/Library/PrivateFrameworks/login.framework/Versions/A/login
0x0000000012598000 	/System/Library/Frameworks/LocalAuthentication.framework/Versions/A/LocalAuthentication
0x0000000012598000 	/System/Library/Frameworks/LocalAuthentication.framework/Support/SharedUtils.framework/Versions/A/SharedUtils
0x0000000012598000 	/System/Library/Frameworks/CryptoTokenKit.framework/Versions/A/CryptoTokenKit
0x000000011aecd000 	/System/Library/Frameworks/FileProvider.framework/OverrideBundles/CloudDocsFileProvider.bundle/Contents/MacOS/CloudDocsFileProvider
0x0000000012598000 	/System/Library/PrivateFrameworks/CloudDocs.framework/Versions/A/CloudDocs
0x0000000012598000 	/System/Library/PrivateFrameworks/AppleAccount.framework/Versions/A/AppleAccount
0x0000000012598000 	/System/Library/Frameworks/CloudKit.framework/Versions/A/CloudKit
0x0000000012598000 	/System/Library/PrivateFrameworks/AppContainer.framework/Versions/A/AppContainer
0x0000000012598000 	/System/Library/PrivateFrameworks/IDS.framework/Versions/A/IDS
0x0000000012598000 	/System/Library/PrivateFrameworks/AppleIDSSOAuthentication.framework/Versions/A/AppleIDSSOAuthentication
0x0000000012598000 	/System/Library/PrivateFrameworks/ApplePushService.framework/Versions/A/ApplePushService
0x0000000012598000 	/System/Library/PrivateFrameworks/AppSupport.framework/Versions/A/AppSupport
0x0000000012598000 	/System/Library/PrivateFrameworks/IMFoundation.framework/Versions/A/IMFoundation
0x0000000012598000 	/System/Library/PrivateFrameworks/Marco.framework/Versions/A/Marco
0x0000000012598000 	/System/Library/PrivateFrameworks/IDSFoundation.framework/Versions/A/IDSFoundation
0x0000000012598000 	/System/Library/PrivateFrameworks/CommonUtilities.framework/Versions/A/CommonUtilities
0x0000000012598000 	/System/Library/PrivateFrameworks/FTServices.framework/Versions/A/FTServices
0x0000000012598000 	/System/Library/PrivateFrameworks/Engram.framework/Versions/A/Engram
0x0000000012598000 	/usr/lib/libtidy.A.dylib
0x0000000012598000 	/System/Library/PrivateFrameworks/Bom.framework/Versions/A/Bom
0x0000000012598000 	/usr/lib/libParallelCompression.dylib
0x0000000012598000 	/usr/lib/libAppleArchive.dylib
0x0000000012598000 	/System/Library/PrivateFrameworks/FTAWD.framework/Versions/A/FTAWD
0x0000000012598000 	/System/Library/Frameworks/SharedWithYouCore.framework/Versions/A/SharedWithYouCore
0x0000000012598000 	/usr/lib/libBASupport.dylib
0x0000000012598000 	/System/Library/Frameworks/AVFoundation.framework/Versions/A/AVFoundation
0x0000000012598000 	/System/Library/PrivateFrameworks/C2.framework/Versions/A/C2
0x0000000012598000 	/System/Library/Frameworks/PushKit.framework/Versions/A/PushKit
0x0000000012598000 	/System/Library/Frameworks/CryptoKit.framework/Versions/A/CryptoKit
0x0000000012598000 	/System/Library/PrivateFrameworks/FeatureFlags.framework/Versions/A/FeatureFlags
0x0000000012598000 	/usr/lib/swift/libswiftAVFoundation.dylib
0x0000000012598000 	/usr/lib/swift/libswiftCoreMIDI.dylib
0x0000000012598000 	/usr/lib/swift/libswiftCoreMedia.dylib
0x0000000012598000 	/System/Library/PrivateFrameworks/AVFCore.framework/Versions/A/AVFCore
0x0000000012598000 	/System/Library/PrivateFrameworks/AVFCapture.framework/Versions/A/AVFCapture
0x0000000012598000 	/System/Library/PrivateFrameworks/CMImaging.framework/Versions/A/CMImaging
0x0000000012598000 	/System/Library/PrivateFrameworks/Quagga.framework/Versions/A/Quagga
0x0000000012598000 	/System/Library/PrivateFrameworks/CMCapture.framework/Versions/A/CMCapture
0x0000000012598000 	/System/Library/Frameworks/CoreMediaIO.framework/Versions/A/CoreMediaIO
0x0000000012598000 	/System/Library/PrivateFrameworks/Espresso.framework/Versions/A/Espresso
0x0000000012598000 	/System/Library/PrivateFrameworks/ANECompiler.framework/Versions/A/ANECompiler
0x0000000012598000 	/System/Library/PrivateFrameworks/AppleNeuralEngine.framework/Versions/A/AppleNeuralEngine
0x0000000012598000 	/System/Library/Frameworks/MetalPerformanceShadersGraph.framework/Versions/A/MetalPerformanceShadersGraph
0x0000000012598000 	/System/Library/PrivateFrameworks/MLCompilerServices.framework/Versions/A/MLCompilerServices
0x0000000012598000 	/System/Library/PrivateFrameworks/MilAneflow.framework/Versions/A/MilAneflow
0x0000000012598000 	/System/Library/PrivateFrameworks/ANEServices.framework/Versions/A/ANEServices
0x0000000012598000 	/usr/lib/libncurses.5.4.dylib
0x0000000012598000 	/System/Library/PrivateFrameworks/MLCompilerRuntime.framework/Versions/A/MLCompilerRuntime
0x0000000012598000 	/System/Library/PrivateFrameworks/RTCReporting.framework/Versions/A/RTCReporting
0x0000000012598000 	/System/Library/PrivateFrameworks/CryptoKitCBridging.framework/Versions/A/CryptoKitCBridging
0x0000000012598000 	/usr/lib/swift/libswiftCryptoTokenKit.dylib
0x0000000012598000 	/System/Library/PrivateFrameworks/SecCodeWrapper.framework/Versions/A/SecCodeWrapper
0x000000011ae9b000 	/System/Library/Frameworks/FileProvider.framework/OverrideBundles/FileProviderOverride.bundle/Contents/MacOS/FileProviderOverride
0x000000011c88a000 	/System/Library/Frameworks/FileProvider.framework/OverrideBundles/FinderSyncCollaborationFileProviderOverride.bundle/Contents/MacOS/FinderSyncCollaborationFileProviderOverride
0x0000000012598000 	/System/Library/PrivateFrameworks/FinderSyncPriv.framework/Versions/A/FinderSyncPriv
0x0000000012598000 	/usr/lib/libFosl_dynamic.dylib
0x0000000012598000 	/System/Library/Extensions/AGXMetalG14X.bundle/Contents/MacOS/AGXMetalG14X
0x0000000012598000 	/System/Library/PrivateFrameworks/IOGPU.framework/Versions/A/IOGPU
0x0000000012598000 	/System/Library/PrivateFrameworks/TextInputUI.framework/Versions/A/TextInputUI
0x0000000012598000 	/System/Library/PrivateFrameworks/TextInputUIMacHelper.framework/Versions/A/TextInputUIMacHelper
0x0000000012598000 	/System/Library/Frameworks/Carbon.framework/Versions/A/Carbon
0x0000000012598000 	/System/Library/Frameworks/Carbon.framework/Versions/A/Frameworks/CommonPanels.framework/Versions/A/CommonPanels
0x0000000012598000 	/System/Library/Frameworks/Carbon.framework/Versions/A/Frameworks/Help.framework/Versions/A/Help
0x0000000012598000 	/System/Library/Frameworks/Carbon.framework/Versions/A/Frameworks/ImageCapture.framework/Versions/A/ImageCapture
0x0000000012598000 	/System/Library/Frameworks/Carbon.framework/Versions/A/Frameworks/OpenScripting.framework/Versions/A/OpenScripting
0x0000000012598000 	/System/Library/Frameworks/Carbon.framework/Versions/A/Frameworks/Ink.framework/Versions/A/Ink
0x0000000012598000 	/System/Library/Frameworks/Carbon.framework/Versions/A/Frameworks/SecurityHI.framework/Versions/A/SecurityHI
0x0000000012598000 	/System/Library/PrivateFrameworks/AccessibilityBundles.framework/Versions/A/AccessibilityBundles
0x0000000012598000 	/System/Library/PrivateFrameworks/Backup.framework/Versions/A/Backup
0x0000000012598000 	/System/Library/Frameworks/Quartz.framework/Versions/A/Quartz
0x0000000012598000 	/System/Library/Frameworks/Quartz.framework/Versions/A/Frameworks/QuartzComposer.framework/Versions/A/QuartzComposer
0x0000000012598000 	/System/Library/Frameworks/PDFKit.framework/Versions/A/PDFKit
0x0000000012598000 	/System/Library/Frameworks/Quartz.framework/Versions/A/Frameworks/QuartzFilters.framework/Versions/A/QuartzFilters
0x0000000012598000 	/System/Library/Frameworks/Quartz.framework/Versions/A/Frameworks/ImageKit.framework/Versions/A/ImageKit
0x0000000012598000 	/System/Library/Frameworks/QuickLookUI.framework/Versions/A/QuickLookUI
0x0000000012598000 	/System/Library/Frameworks/JavaScriptCore.framework/Versions/A/JavaScriptCore
0x0000000012598000 	/System/Library/PrivateFrameworks/CorePDF.framework/Versions/A/CorePDF
0x0000000012598000 	/System/Library/PrivateFrameworks/URLFormatting.framework/Versions/A/URLFormatting
0x0000000012598000 	/System/Library/Frameworks/QuickLook.framework/Versions/A/QuickLook
0x0000000012598000 	/System/Library/PrivateFrameworks/DisplayServices.framework/Versions/A/DisplayServices
0x0000000012598000 	/System/Library/Frameworks/ImageCaptureCore.framework/Versions/A/ImageCaptureCore
0x0000000012598000 	/System/Library/Frameworks/MetalKit.framework/Versions/A/MetalKit
0x0000000012598000 	/System/Library/PrivateFrameworks/VisionKitCore.framework/Versions/A/VisionKitCore
0x0000000012598000 	/System/Library/PrivateFrameworks/QuickLookSupport.framework/Versions/A/QuickLookSupport
0x0000000012598000 	/System/Library/Frameworks/QuickLookThumbnailing.framework/Versions/A/QuickLookThumbnailing
0x0000000012598000 	/System/Library/PrivateFrameworks/CoreBrightness.framework/Versions/A/CoreBrightness
0x0000000012598000 	/System/Library/PrivateFrameworks/BiomeLibrary.framework/Versions/A/BiomeLibrary
0x0000000012598000 	/System/Library/PrivateFrameworks/HID.framework/Versions/A/HID
0x0000000012598000 	/System/Library/PrivateFrameworks/BiomeStreams.framework/Versions/A/BiomeStreams
0x0000000012598000 	/System/Library/PrivateFrameworks/BiomeStorage.framework/Versions/A/BiomeStorage
0x0000000012598000 	/System/Library/PrivateFrameworks/BiomeFoundation.framework/Versions/A/BiomeFoundation
0x0000000012598000 	/System/Library/PrivateFrameworks/BiomeSync.framework/Versions/A/BiomeSync
0x0000000012598000 	/System/Library/PrivateFrameworks/BiomeFlexibleStorage.framework/Versions/A/BiomeFlexibleStorage
0x0000000012598000 	/System/Library/PrivateFrameworks/BiomeDSL.framework/Versions/A/BiomeDSL
0x0000000012598000 	/System/Library/PrivateFrameworks/BiomePubSub.framework/Versions/A/BiomePubSub
0x0000000012598000 	/System/Library/PrivateFrameworks/BiomeSequence.framework/Versions/A/BiomeSequence
0x0000000012598000 	/System/Library/PrivateFrameworks/ProactiveSupport.framework/Versions/A/ProactiveSupport
0x0000000012598000 	/System/Library/PrivateFrameworks/InternalSwiftProtobuf.framework/Versions/A/InternalSwiftProtobuf
0x0000000012598000 	/System/Library/PrivateFrameworks/InternationalTextSearch.framework/Versions/A/InternationalTextSearch
0x0000000012598000 	/System/Library/Frameworks/SafariServices.framework/Versions/A/SafariServices
0x0000000012598000 	/System/Library/PrivateFrameworks/QuickLookNonBaseSystem.framework/Versions/A/QuickLookNonBaseSystem
0x0000000012598000 	/System/Library/Frameworks/WebKit.framework/Versions/A/WebKit
0x0000000012598000 	/System/Library/Frameworks/WebKit.framework/Versions/A/Frameworks/WebKitLegacy.framework/Versions/A/WebKitLegacy
0x0000000012598000 	/System/Library/Frameworks/WebKit.framework/Versions/A/Frameworks/WebCore.framework/Versions/A/WebCore
0x0000000012598000 	/System/Library/PrivateFrameworks/CorePrediction.framework/Versions/A/CorePrediction
0x0000000012598000 	/usr/lib/libnetworkextension.dylib
0x0000000012598000 	/System/Library/Frameworks/WebKit.framework/Versions/A/Frameworks/WebCore.framework/Versions/A/Frameworks/libwebrtc.dylib
0x0000000012598000 	/System/Library/PrivateFrameworks/SafariSafeBrowsing.framework/Versions/A/SafariSafeBrowsing
0x0000000012598000 	/System/Library/Frameworks/SecurityInterface.framework/Versions/A/SecurityInterface
0x0000000012598000 	/System/Library/PrivateFrameworks/WebInspectorUI.framework/Versions/A/WebInspectorUI
0x0000000012598000 	/System/Library/Frameworks/NetworkExtension.framework/Versions/A/NetworkExtension
0x0000000012598000 	/System/Library/Frameworks/WebKit.framework/Versions/A/Frameworks/WebCore.framework/Versions/A/Frameworks/libANGLE-shared.dylib
0x0000000012598000 	/System/Library/PrivateFrameworks/WebGPU.framework/Versions/A/WebGPU
0x0000000012598000 	/System/Library/Frameworks/SceneKit.framework/Versions/A/SceneKit
0x0000000012598000 	/System/Library/PrivateFrameworks/CaptiveNetwork.framework/Versions/A/CaptiveNetwork
0x0000000012598000 	/System/Library/PrivateFrameworks/EAP8021X.framework/Versions/A/EAP8021X
0x0000000012598000 	/System/Library/PrivateFrameworks/CryptoKitPrivate.framework/Versions/A/CryptoKitPrivate
0x0000000012598000 	/System/Library/Frameworks/ModelIO.framework/Versions/A/ModelIO
0x0000000012598000 	/System/Library/Frameworks/GLKit.framework/Versions/A/GLKit
0x0000000012598000 	/usr/lib/usd/libusd_ms.dylib
0x0000000012598000 	/System/Library/PrivateFrameworks/USDLib_FormatLoaderProxy.framework/Versions/A/USDLib_FormatLoaderProxy
0x0000000012598000 	/System/Library/PrivateFrameworks/CoreOptimization.framework/Versions/A/CoreOptimization
0x0000000012598000 	/System/Library/PrivateFrameworks/MarkupUI.framework/Versions/A/MarkupUI
0x0000000012598000 	/System/Library/PrivateFrameworks/SidecarCore.framework/Versions/A/SidecarCore
0x0000000012598000 	/System/Library/PrivateFrameworks/AnnotationKit.framework/Versions/A/AnnotationKit
0x0000000012598000 	/System/Library/Frameworks/ScreenCaptureKit.framework/Versions/A/ScreenCaptureKit
0x0000000012598000 	/System/Library/PrivateFrameworks/DataDetectors.framework/Versions/A/DataDetectors
0x0000000012598000 	/System/Library/PrivateFrameworks/MediaAnalysisServices.framework/Versions/A/MediaAnalysisServices
0x0000000012598000 	/System/Library/Frameworks/Vision.framework/Versions/A/Vision
0x0000000012598000 	/System/Library/PrivateFrameworks/RevealCore.framework/Versions/A/RevealCore
0x0000000012598000 	/System/Library/PrivateFrameworks/Reveal.framework/Versions/A/Reveal
0x0000000012598000 	/System/Library/PrivateFrameworks/TextRecognition.framework/Versions/A/TextRecognition
0x0000000012598000 	/System/Library/PrivateFrameworks/Translation.framework/Versions/A/Translation
0x0000000012598000 	/System/Library/Frameworks/ReplayKit.framework/Versions/A/ReplayKit
0x0000000012598000 	/System/Library/PrivateFrameworks/AppleMediaServices.framework/Versions/A/AppleMediaServices
0x0000000012598000 	/System/Library/PrivateFrameworks/Symptoms.framework/Versions/A/Frameworks/SymptomPresentationFeed.framework/Versions/A/SymptomPresentationFeed
0x0000000012598000 	/System/Library/PrivateFrameworks/FeatureFlagsSupport.framework/Versions/A/FeatureFlagsSupport
0x0000000012598000 	/System/Library/PrivateFrameworks/SystemAdministration.framework/Versions/A/SystemAdministration
0x0000000012598000 	/usr/lib/swift/libswiftCompression.dylib
0x0000000012598000 	/System/Library/PrivateFrameworks/Symptoms.framework/Versions/A/Frameworks/SymptomAnalytics.framework/Versions/A/SymptomAnalytics
0x0000000012598000 	/System/Library/Frameworks/DirectoryService.framework/Versions/A/DirectoryService
0x0000000012598000 	/System/Library/PrivateFrameworks/DiskImages.framework/Versions/A/DiskImages
0x0000000012598000 	/System/Library/Frameworks/ServiceManagement.framework/Versions/A/ServiceManagement
0x0000000012598000 	/System/Library/PrivateFrameworks/LoginUIKit.framework/Versions/A/Frameworks/LoginUICore.framework/Versions/A/LoginUICore
0x0000000012598000 	/usr/lib/libodfde.dylib
0x0000000012598000 	/usr/lib/libcurl.4.dylib
0x0000000012598000 	/usr/lib/libcrypto.46.dylib
0x0000000012598000 	/usr/lib/libssl.48.dylib
0x0000000012598000 	/System/Library/Frameworks/LDAP.framework/Versions/A/LDAP
0x0000000012598000 	/System/Library/PrivateFrameworks/TrustEvaluationAgent.framework/Versions/A/TrustEvaluationAgent
0x0000000012598000 	/usr/lib/libsasl2.2.dylib
0x0000000012598000 	/System/Library/PrivateFrameworks/Lookup.framework/Versions/A/Lookup
0x0000000012598000 	/System/Library/PrivateFrameworks/AddressBookCore.framework/Versions/A/AddressBookCore
0x0000000012598000 	/System/Library/Frameworks/NaturalLanguage.framework/Versions/A/NaturalLanguage
0x0000000012598000 	/System/Library/Frameworks/CoreML.framework/Versions/A/CoreML
0x0000000012598000 	/System/Library/PrivateFrameworks/Montreal.framework/Versions/A/Montreal
0x0000000012598000 	/System/Library/Frameworks/MLCompute.framework/Versions/A/MLCompute
0x0000000012598000 	/System/Library/PrivateFrameworks/MLAssetIO.framework/Versions/A/MLAssetIO
0x0000000012598000 	/System/Library/PrivateFrameworks/ContactsPersistence.framework/Versions/A/ContactsPersistence
0x0000000012598000 	/System/Library/Frameworks/Contacts.framework/Versions/A/Contacts
0x0000000012598000 	/System/Library/PrivateFrameworks/ContactsFoundation.framework/Versions/A/ContactsFoundation
0x0000000012598000 	/System/Library/PrivateFrameworks/vCard.framework/Versions/A/vCard
0x0000000012598000 	/System/Library/PrivateFrameworks/ContactsMetrics.framework/Versions/A/ContactsMetrics
0x0000000012598000 	/System/Library/PrivateFrameworks/AppleLDAP.framework/Versions/A/AppleLDAP
0x0000000012598000 	/System/Library/Frameworks/ClassKit.framework/Versions/A/ClassKit
0x0000000012598000 	/System/Library/PrivateFrameworks/CoreSuggestions.framework/Versions/A/CoreSuggestions
0x0000000012598000 	/System/Library/Frameworks/Intents.framework/Versions/A/Intents
0x0000000012598000 	/System/Library/Frameworks/CoreSpotlight.framework/Versions/A/CoreSpotlight
0x0000000012598000 	/System/Library/PrivateFrameworks/ProactiveEventTracker.framework/Versions/A/ProactiveEventTracker
0x0000000012598000 	/System/Library/PrivateFrameworks/IntentsFoundation.framework/Versions/A/IntentsFoundation
0x0000000012598000 	/System/Library/PrivateFrameworks/VisionCore.framework/Versions/A/VisionCore
0x0000000012598000 	/System/Library/Frameworks/Vision.framework/libfaceCore.dylib
0x0000000012598000 	/System/Library/PrivateFrameworks/Futhark.framework/Versions/A/Futhark
0x0000000012598000 	/System/Library/PrivateFrameworks/InertiaCam.framework/Versions/A/InertiaCam
0x0000000012598000 	/System/Library/PrivateFrameworks/CVNLP.framework/Versions/A/CVNLP
0x0000000012598000 	/System/Library/PrivateFrameworks/TranslationUIServices.framework/Versions/A/TranslationUIServices
0x0000000012598000 	/System/Library/Frameworks/PencilKit.framework/Versions/A/PencilKit
0x0000000012598000 	/System/Library/PrivateFrameworks/SidecarUI.framework/Versions/A/SidecarUI
0x0000000012598000 	/System/Library/PrivateFrameworks/CoreHandwriting.framework/Versions/A/CoreHandwriting
0x0000000012598000 	/usr/lib/libmecabra.dylib
0x0000000012598000 	/usr/lib/libChineseTokenizer.dylib
0x0000000012598000 	/System/Library/PrivateFrameworks/VoiceShortcutClient.framework/Versions/A/VoiceShortcutClient
0x0000000012598000 	/System/Library/PrivateFrameworks/CoreDuet.framework/Versions/A/CoreDuet
0x0000000012598000 	/System/Library/PrivateFrameworks/CoreDuetContext.framework/Versions/A/CoreDuetContext
0x0000000012598000 	/System/Library/Frameworks/AppIntents.framework/Versions/A/AppIntents
0x0000000012598000 	/System/Library/PrivateFrameworks/IntentsCore.framework/Versions/A/IntentsCore
0x0000000012598000 	/System/Library/PrivateFrameworks/LinkServices.framework/Versions/A/LinkServices
0x0000000012598000 	/System/Library/PrivateFrameworks/LinkMetadata.framework/Versions/A/LinkMetadata
0x0000000012598000 	/usr/lib/swift/libswiftAccelerate.dylib
0x0000000012598000 	/usr/lib/swift/libswiftFileProvider.dylib
0x0000000012598000 	/usr/lib/swift/libswiftIntents.dylib
0x0000000012598000 	/System/Library/PrivateFrameworks/CoreDuetDaemonProtocol.framework/Versions/A/CoreDuetDaemonProtocol
0x0000000012598000 	/System/Library/PrivateFrameworks/Rapport.framework/Versions/A/Rapport
0x0000000012598000 	/System/Library/PrivateFrameworks/DoNotDisturb.framework/Versions/A/DoNotDisturb
0x0000000012598000 	/System/Library/PrivateFrameworks/Koa.framework/Versions/A/Koa
0x0000000012598000 	/usr/lib/libskit.dylib
0x0000000012598000 	/usr/lib/libmorphun.dylib
0x0000000012598000 	/System/Library/PrivateFrameworks/MorphunAssets.framework/Versions/A/MorphunAssets
0x0000000012598000 	/System/Library/PrivateFrameworks/Trial.framework/Versions/A/Trial
0x0000000012598000 	/usr/lib/libmarisa.dylib
0x0000000012598000 	/System/Library/PrivateFrameworks/EmbeddedAcousticRecognition.framework/Versions/A/EmbeddedAcousticRecognition
0x0000000012598000 	/System/Library/PrivateFrameworks/EmojiFoundation.framework/Versions/A/EmojiFoundation
0x0000000012598000 	/System/Library/PrivateFrameworks/SDAPI.framework/Versions/A/SDAPI
0x0000000012598000 	/System/Library/PrivateFrameworks/DifferentialPrivacy.framework/Versions/A/DifferentialPrivacy
0x0000000012598000 	/System/Library/PrivateFrameworks/UnifiedAssetFramework.framework/Versions/A/UnifiedAssetFramework
0x0000000012598000 	/System/Library/PrivateFrameworks/AssistantServices.framework/Versions/A/AssistantServices
0x0000000012598000 	/System/Library/PrivateFrameworks/SiriAnalytics.framework/Versions/A/SiriAnalytics
0x0000000012598000 	/System/Library/PrivateFrameworks/SiriInstrumentation.framework/Versions/A/SiriInstrumentation
0x0000000012598000 	/System/Library/PrivateFrameworks/TrialProto.framework/Versions/A/TrialProto
0x0000000012598000 	/System/Library/PrivateFrameworks/FeedbackLogger.framework/Versions/A/FeedbackLogger
0x0000000012598000 	/System/Library/PrivateFrameworks/AppleFlatBuffers.framework/Versions/A/AppleFlatBuffers
0x0000000012598000 	/System/Library/PrivateFrameworks/SAObjects.framework/Versions/A/SAObjects
0x0000000012598000 	/System/Library/PrivateFrameworks/MediaRemote.framework/Versions/A/MediaRemote
0x0000000012598000 	/System/Library/PrivateFrameworks/SiriTTSService.framework/Versions/A/SiriTTSService
0x0000000012598000 	/System/Library/PrivateFrameworks/SiriCrossDeviceArbitrationFeedback.framework/Versions/A/SiriCrossDeviceArbitrationFeedback
0x0000000012598000 	/System/Library/PrivateFrameworks/MediaServices.framework/Versions/A/MediaServices
0x0000000012598000 	/System/Library/PrivateFrameworks/PersistentConnection.framework/Versions/A/PersistentConnection
0x0000000012598000 	/usr/lib/libtailspin.dylib
0x0000000012598000 	/System/Library/PrivateFrameworks/Osprey.framework/Versions/A/Osprey
0x0000000012598000 	/System/Library/PrivateFrameworks/SiriTTS.framework/Versions/A/SiriTTS
0x0000000012598000 	/System/Library/PrivateFrameworks/GraphicsServices.framework/Versions/A/GraphicsServices
0x0000000012598000 	/System/Library/PrivateFrameworks/SiriPowerInstrumentation.framework/Versions/A/SiriPowerInstrumentation
0x0000000012598000 	/usr/lib/swift/libswiftNaturalLanguage.dylib
0x0000000012598000 	/System/Library/PrivateFrameworks/TailspinSymbolication.framework/Versions/A/TailspinSymbolication
0x0000000012598000 	/System/Library/PrivateFrameworks/Darwinup.framework/Versions/A/Darwinup
0x0000000012598000 	/System/Library/PrivateFrameworks/SignpostSupport.framework/Versions/A/SignpostSupport
0x0000000012598000 	/System/Library/PrivateFrameworks/ktrace.framework/Versions/A/ktrace
0x0000000012598000 	/System/Library/PrivateFrameworks/SampleAnalysis.framework/Versions/A/SampleAnalysis
0x0000000012598000 	/System/Library/PrivateFrameworks/kperfdata.framework/Versions/A/kperfdata
0x0000000012598000 	/usr/lib/libdscsym.dylib
0x0000000012598000 	/System/Library/PrivateFrameworks/BulkSymbolication.framework/Versions/A/BulkSymbolication
0x0000000012598000 	/usr/lib/libedit.3.dylib
0x0000000012598000 	/System/Library/PrivateFrameworks/InputAnalytics.framework/Versions/A/InputAnalytics
0x0000000012598000 	/System/Library/PrivateFrameworks/Shortcut.framework/Versions/A/Shortcut
0x0000000012598000 	/System/Library/PrivateFrameworks/HelpData.framework/Versions/A/HelpData
0x000000011d3d8000 	/Applications/Stata/utilities/java/macosx-x64/jre1.8.0_31/lib/jli/libjli.dylib
0x000000012798b000 	/Applications/Stata/utilities/java/macosx-x64/jre1.8.0_31/lib/server/libjvm.dylib
0x000000011d1b5000 	/Applications/Stata/utilities/java/macosx-x64/jre1.8.0_31/lib/libverify.dylib
0x000000011d9d4000 	/Applications/Stata/utilities/java/macosx-x64/jre1.8.0_31/lib/libjava.dylib
0x000000011d3ff000 	/Applications/Stata/utilities/java/macosx-x64/jre1.8.0_31/lib/libzip.dylib
0x0000000012598000 	/System/Library/Frameworks/JavaRuntimeSupport.framework/Versions/A/JavaRuntimeSupport

VM Arguments:
jvm_args: -Xms16M -Xmx384M -Xss2M -XX:+UseParNewGC -XX:+UseConcMarkSweepGC -XX:MinHeapFreeRatio=40 -XX:MaxHeapFreeRatio=70 -XX:ErrorFile=/dev/null 
java_command: <unknown>
java_class_path (initial): /Applications/Stata/ado/base/:/Applications/Stata/ado/base/jar/:/Applications/Stata/ado/base/jar/libstata-core.jar:/Applications/Stata/ado/base/jar/stata-sfi.jar:/Applications/Stata/ado/base/jar/libdeps-core.jar:./:
Launcher Type: generic

Environment Variables:
PATH=/usr/bin:/bin:/usr/sbin:/sbin
SHELL=/bin/zsh

Signal Handlers:
SIGSEGV: [libjvm.dylib+0x57a0e7], sa_mask[0]=11111111111111111111111111111111, sa_flags=SA_ONSTACK|SA_RESTART|SA_SIGINFO
SIGBUS: [libjvm.dylib+0x57a0e7], sa_mask[0]=11111111111111111111111111111111, sa_flags=SA_RESTART|SA_SIGINFO
SIGFPE: [libjvm.dylib+0x45af24], sa_mask[0]=11111111111111111111111111111111, sa_flags=SA_RESTART|SA_SIGINFO
SIGPIPE: [libjvm.dylib+0x45af24], sa_mask[0]=11111111111111111111111111111111, sa_flags=SA_RESTART|SA_SIGINFO
SIGXFSZ: [libjvm.dylib+0x45af24], sa_mask[0]=11111111111111111111111111111111, sa_flags=SA_RESTART|SA_SIGINFO
SIGILL: [libjvm.dylib+0x45af24], sa_mask[0]=11111111111111111111111111111111, sa_flags=SA_RESTART|SA_SIGINFO
SIGUSR1: SIG_DFL, sa_mask[0]=00000000000000000000000000000000, sa_flags=none
SIGUSR2: [libjvm.dylib+0x45aa42], sa_mask[0]=00000000000000000000000000000000, sa_flags=SA_RESTART|SA_SIGINFO
SIGHUP: [libjvm.dylib+0x459015], sa_mask[0]=11111111111111111111111111111111, sa_flags=SA_RESTART|SA_SIGINFO
SIGINT: [libjvm.dylib+0x459015], sa_mask[0]=11111111111111111111111111111111, sa_flags=SA_RESTART|SA_SIGINFO
SIGTERM: [libjvm.dylib+0x459015], sa_mask[0]=11111111111111111111111111111111, sa_flags=SA_RESTART|SA_SIGINFO
SIGQUIT: [libjvm.dylib+0x459015], sa_mask[0]=11111111111111111111111111111111, sa_flags=SA_RESTART|SA_SIGINFO


---------------  S Y S T E M  ---------------

OS:Bsduname:Darwin 23.0.0 Darwin Kernel Version 23.0.0: Fri Jun 30 17:50:16 PDT 2023; root:xnu-10002.0.168.505.3~1/RELEASE_ARM64_T6020 x86_64
rlimit: STACK 8176k, CORE 0k, NPROC 2666, NOFILE 10240, AS infinity
load average:2.66 1.92 1.80

CPU:total 10 (1 cores per cpu, 1 threads per core) family 6 model 44 stepping 0, cmov, cx8, fxsr, mmx, sse, sse2, sse3, ssse3, sse4.1, sse4.2, popcnt, aes, clmul, tsc, tscinvbit, tscinv

Memory: 4k page, physical 16777216k(16344k free)

/proc/meminfo:


vm_info: Java HotSpot(TM) 64-Bit Server VM (25.31-b07) for bsd-amd64 JRE (1.8.0_31-b13), built on Dec 17 2014 20:45:36 by "java_re" with gcc 4.2.1 (Based on Apple Inc. build 5658) (LLVM build 2336.11.00)

time: Tue Aug  8 21:56:55 2023
elapsed time: 26790 seconds (0d 7h 26m 30s)

