-------------------------------------------------------------------------------
      name:  <unnamed>
       log:  C:\Users\fergr\_UdeSA\P_2024\P_TP1.log
  log type:  text
 opened on:  23 Apr 2024, 13:32:37

. cd C:\Users\fergr\_UdeSA\P_2024
C:\Users\fergr\_UdeSA\P_2024

. // Ejercicio 2
. 
. 
. use P_TP1_Datos_Ejer2_PyM, clear

. gen obs=_n

. tsset obs
        time variable:  obs, 1 to 184
                delta:  1 unit

. 
. gen infl=IPC/IPC[_n-1] - 1 
(1 missing value generated)

. gen crec_m= M/M[_n-1] - 1
(1 missing value generated)

. 
. drop if _n<101  // Esto equivale a eliminar las observaciones previas a mayo 
> 2011
(100 observations deleted)

. dfgls infl
 
DF-GLS for infl                                          Number of obs =    72
Maxlag = 11 chosen by Schwert criterion
 
               DF-GLS tau      1% Critical       5% Critical      10% Critical
  [lags]     Test Statistic        Value             Value             Value
------------------------------------------------------------------------------
    11           -2.548           -3.641            -2.745            -2.471
    10           -2.634           -3.641            -2.783            -2.508
    9            -2.654           -3.641            -2.822            -2.545
    8            -2.672           -3.641            -2.859            -2.581
    7            -2.917           -3.641            -2.896            -2.616
    6            -3.184           -3.641            -2.932            -2.649
    5            -2.868           -3.641            -2.966            -2.681
    4            -3.141           -3.641            -2.998            -2.710
    3            -3.388           -3.641            -3.027            -2.737
    2            -3.334           -3.641            -3.054            -2.762
    1            -3.238           -3.641            -3.077            -2.783
 
Opt Lag (Ng-Perron seq t) = 0 [use maxlag(0)]
Min SC   = -9.593608 at lag  1 with RMSE    .00778
Min MAIC = -9.303819 at lag  1 with RMSE    .00778

. dfuller infl, trend lags(1) regress

Augmented Dickey-Fuller test for unit root         Number of obs   =        82

                               ---------- Interpolated Dickey-Fuller ---------
                  Test         1% Critical       5% Critical      10% Critical
               Statistic           Value             Value             Value
------------------------------------------------------------------------------
 Z(t)             -3.555            -4.080            -3.468            -3.161
------------------------------------------------------------------------------
MacKinnon approximate p-value for Z(t) = 0.0339

------------------------------------------------------------------------------
D.infl       |      Coef.   Std. Err.      t    P>|t|     [95% Conf. Interval]
-------------+----------------------------------------------------------------
        infl |
         L1. |    -.37184   .1045977    -3.55   0.001    -.5800781   -.1636019
         LD. |  -.1549407   .1117954    -1.39   0.170    -.3775083    .0676268
      _trend |   .0000143   .0000359     0.40   0.691    -.0000571    .0000857
       _cons |    .007764   .0027222     2.85   0.006     .0023445    .0131835
------------------------------------------------------------------------------

. dfgls infl, notrend
 
DF-GLS for infl                                          Number of obs =    72
Maxlag = 11 chosen by Schwert criterion
 
               DF-GLS mu       1% Critical       5% Critical      10% Critical
  [lags]     Test Statistic        Value             Value             Value
------------------------------------------------------------------------------
    11           -2.045           -2.606            -1.989            -1.691
    10           -2.159           -2.606            -2.006            -1.709
    9            -2.225           -2.606            -2.024            -1.727
    8            -2.280           -2.606            -2.043            -1.746
    7            -2.525           -2.606            -2.062            -1.764
    6            -2.798           -2.606            -2.081            -1.782
    5            -2.570           -2.606            -2.099            -1.800
    4            -2.845           -2.606            -2.117            -1.817
    3            -3.106           -2.606            -2.134            -1.832
    2            -3.092           -2.606            -2.150            -1.847
    1            -3.025           -2.606            -2.164            -1.859
 
Opt Lag (Ng-Perron seq t) = 0 [use maxlag(0)]
Min SC   = -9.576839 at lag  1 with RMSE  .0078455
Min MAIC = -9.341058 at lag  1 with RMSE  .0078455

. dfuller infl, lags(1) regress

Augmented Dickey-Fuller test for unit root         Number of obs   =        82

                               ---------- Interpolated Dickey-Fuller ---------
                  Test         1% Critical       5% Critical      10% Critical
               Statistic           Value             Value             Value
------------------------------------------------------------------------------
 Z(t)             -3.552            -3.535            -2.904            -2.587
------------------------------------------------------------------------------
MacKinnon approximate p-value for Z(t) = 0.0067

------------------------------------------------------------------------------
      D.infl |      Coef.   Std. Err.      t    P>|t|     [95% Conf. Interval]
-------------+----------------------------------------------------------------
        infl |
         L1. |  -.3662996   .1031163    -3.55   0.001    -.5715474   -.1610518
         LD. |  -.1580242    .110932    -1.42   0.158    -.3788288    .0627803
             |
       _cons |   .0082491   .0024219     3.41   0.001     .0034285    .0130698
------------------------------------------------------------------------------

. dfgls crec_m
 
DF-GLS for crec_m                                        Number of obs =    72
Maxlag = 11 chosen by Schwert criterion
 
               DF-GLS tau      1% Critical       5% Critical      10% Critical
  [lags]     Test Statistic        Value             Value             Value
------------------------------------------------------------------------------
    11           -1.966           -3.641            -2.745            -2.471
    10           -3.887           -3.641            -2.783            -2.508
    9            -5.577           -3.641            -2.822            -2.545
    8            -3.618           -3.641            -2.859            -2.581
    7            -3.560           -3.641            -2.896            -2.616
    6            -3.149           -3.641            -2.932            -2.649
    5            -3.683           -3.641            -2.966            -2.681
    4            -4.902           -3.641            -2.998            -2.710
    3            -6.622           -3.641            -3.027            -2.737
    2            -5.841           -3.641            -3.054            -2.762
    1            -7.709           -3.641            -3.077            -2.783
 
Opt Lag (Ng-Perron seq t) = 11 with RMSE  .0202829
Min SC   =  -7.08318 at lag 11 with RMSE  .0202829
Min MAIC = -4.036854 at lag  1 with RMSE  .0294423

. dfuller crec_m, trend lags(1) regress

Augmented Dickey-Fuller test for unit root         Number of obs   =        82

                               ---------- Interpolated Dickey-Fuller ---------
                  Test         1% Critical       5% Critical      10% Critical
               Statistic           Value             Value             Value
------------------------------------------------------------------------------
 Z(t)             -8.410            -4.080            -3.468            -3.161
------------------------------------------------------------------------------
MacKinnon approximate p-value for Z(t) = 0.0000

------------------------------------------------------------------------------
D.crec_m     |      Coef.   Std. Err.      t    P>|t|     [95% Conf. Interval]
-------------+----------------------------------------------------------------
      crec_m |
         L1. |  -1.211665   .1440695    -8.41   0.000    -1.498485   -.9248446
         LD. |   .3436169   .1072064     3.21   0.002     .1301854    .5570485
      _trend |  -.0000298   .0001423    -0.21   0.835    -.0003131    .0002534
       _cons |   .0282323   .0076727     3.68   0.000      .012957    .0435076
------------------------------------------------------------------------------

. dfgls crec_m, notrend
 
DF-GLS for crec_m                                        Number of obs =    72
Maxlag = 11 chosen by Schwert criterion
 
               DF-GLS mu       1% Critical       5% Critical      10% Critical
  [lags]     Test Statistic        Value             Value             Value
------------------------------------------------------------------------------
    11           -2.211           -2.606            -1.989            -1.691
    10           -4.228           -2.606            -2.006            -1.709
    9            -5.942           -2.606            -2.024            -1.727
    8            -3.840           -2.606            -2.043            -1.746
    7            -3.751           -2.606            -2.062            -1.764
    6            -3.306           -2.606            -2.081            -1.782
    5            -3.837           -2.606            -2.099            -1.800
    4            -5.062           -2.606            -2.117            -1.817
    3            -6.777           -2.606            -2.134            -1.832
    2            -5.909           -2.606            -2.150            -1.847
    1            -7.767           -2.606            -2.164            -1.859
 
Opt Lag (Ng-Perron seq t) = 11 with RMSE  .0201164
Min SC   = -7.099663 at lag 11 with RMSE  .0201164
Min MAIC = -3.976843 at lag  1 with RMSE  .0293419

. dfuller crec_m, lags(1) regress

Augmented Dickey-Fuller test for unit root         Number of obs   =        82

                               ---------- Interpolated Dickey-Fuller ---------
                  Test         1% Critical       5% Critical      10% Critical
               Statistic           Value             Value             Value
------------------------------------------------------------------------------
 Z(t)             -8.460            -3.535            -2.904            -2.587
------------------------------------------------------------------------------
MacKinnon approximate p-value for Z(t) = 0.0000

------------------------------------------------------------------------------
    D.crec_m |      Coef.   Std. Err.      t    P>|t|     [95% Conf. Interval]
-------------+----------------------------------------------------------------
      crec_m |
         L1. |  -1.211433   .1431909    -8.46   0.000    -1.496448   -.9264192
         LD. |   .3437472   .1065539     3.23   0.002      .131657    .5558375
             |
       _cons |   .0269601   .0046628     5.78   0.000     .0176791    .0362412
------------------------------------------------------------------------------

. 
. reg infl  L.crec_m L2.crec_m L3.crec_m L4.crec_m L5.crec_m L6.crec_m

      Source |       SS           df       MS      Number of obs   =        78
-------------+----------------------------------   F(6, 71)        =      0.65
       Model |  .000347062         6  .000057844   Prob > F        =    0.6912
    Residual |  .006334339        71  .000089216   R-squared       =    0.0519
-------------+----------------------------------   Adj R-squared   =   -0.0282
       Total |  .006681401        77  .000086771   Root MSE        =    .00945

------------------------------------------------------------------------------
        infl |      Coef.   Std. Err.      t    P>|t|     [95% Conf. Interval]
-------------+----------------------------------------------------------------
      crec_m |
         L1. |  -.0357578   .0375728    -0.95   0.344    -.1106758    .0391601
         L2. |  -.0214065   .0378058    -0.57   0.573    -.0967892    .0539762
         L3. |  -.0364901   .0394973    -0.92   0.359    -.1152456    .0422653
         L4. |   .0414243   .0393393     1.05   0.296     -.037016    .1198646
         L5. |  -.0302164   .0385268    -0.78   0.435    -.1070366    .0466038
         L6. |   .0174243   .0384011     0.45   0.651    -.0591452    .0939939
             |
       _cons |   .0238907   .0028852     8.28   0.000     .0181379    .0296436
------------------------------------------------------------------------------

. // test (L.crec_m=0) (L2.crec_m=0) (L3.crec_m=0) (L4.crec_m=0) (L5.crec_m=0) 
> (L6.crec_m=0)
. 
. estat dwatson

Durbin-Watson d-statistic(  7,    78) =  .8562638

. predict res, residual
(6 missing values generated)

. ac res 

. pac res

. 
. 
. 
. //  Ejercicio 4
. 
. use P_TP1_Datos_Ejer4_TB, clear

. tsmktim dia, start(02jan1962)
        time variable:  dia, 02jan1962 to 30dec2021
                delta:  1 day

. tsset dia
        time variable:  dia, 02jan1962 to 30dec2021
                delta:  1 day

. 
. 
. twoway line r10y r1y dia  // Grafico de las series de tiempo

. 
. dfgls r1y
 
DF-GLS for r1y                                           Number of obs = 21866
Maxlag = 46 chosen by Schwert criterion
 
               DF-GLS tau      1% Critical       5% Critical      10% Critical
  [lags]     Test Statistic        Value             Value             Value
------------------------------------------------------------------------------
    46           -1.861           -3.480            -2.836            -2.548
    45           -1.931           -3.480            -2.836            -2.549
    44           -1.931           -3.480            -2.836            -2.549
    43           -1.899           -3.480            -2.836            -2.549
    42           -1.932           -3.480            -2.836            -2.549
    41           -1.918           -3.480            -2.837            -2.549
    40           -1.949           -3.480            -2.837            -2.549
    39           -1.914           -3.480            -2.837            -2.549
    38           -1.936           -3.480            -2.837            -2.549
    37           -1.944           -3.480            -2.837            -2.549
    36           -1.952           -3.480            -2.837            -2.549
    35           -1.975           -3.480            -2.837            -2.549
    34           -1.938           -3.480            -2.837            -2.549
    33           -1.932           -3.480            -2.837            -2.549
    32           -1.972           -3.480            -2.837            -2.549
    31           -1.914           -3.480            -2.837            -2.549
    30           -1.963           -3.480            -2.837            -2.549
    29           -1.942           -3.480            -2.837            -2.549
    28           -1.951           -3.480            -2.837            -2.549
    27           -1.935           -3.480            -2.837            -2.550
    26           -1.918           -3.480            -2.837            -2.550
    25           -1.876           -3.480            -2.837            -2.550
    24           -1.824           -3.480            -2.838            -2.550
    23           -1.816           -3.480            -2.838            -2.550
    22           -1.815           -3.480            -2.838            -2.550
    21           -1.880           -3.480            -2.838            -2.550
    20           -1.813           -3.480            -2.838            -2.550
    19           -1.751           -3.480            -2.838            -2.550
    18           -1.737           -3.480            -2.838            -2.550
    17           -1.758           -3.480            -2.838            -2.550
    16           -1.712           -3.480            -2.838            -2.550
    15           -1.746           -3.480            -2.838            -2.550
    14           -1.734           -3.480            -2.838            -2.550
    13           -1.602           -3.480            -2.838            -2.550
    12           -1.592           -3.480            -2.838            -2.550
    11           -1.569           -3.480            -2.838            -2.550
    10           -1.530           -3.480            -2.838            -2.550
    9            -1.493           -3.480            -2.838            -2.550
    8            -1.443           -3.480            -2.838            -2.551
    7            -1.435           -3.480            -2.839            -2.551
    6            -1.396           -3.480            -2.839            -2.551
    5            -1.361           -3.480            -2.839            -2.551
    4            -1.360           -3.480            -2.839            -2.551
    3            -1.323           -3.480            -2.839            -2.551
    2            -1.292           -3.480            -2.839            -2.551
    1            -1.264           -3.480            -2.839            -2.551
 
Opt Lag (Ng-Perron seq t) = 46 with RMSE    .06544
Min SC   =  -5.43692 at lag 22 with RMSE  .0656305
Min MAIC = -5.448716 at lag 46 with RMSE    .06544

. dfuller r1y, trend lags(46)  regress      // ADF sobre las serie r1y en nivel
> es

Augmented Dickey-Fuller test for unit root         Number of obs   =     21866

                               ---------- Interpolated Dickey-Fuller ---------
                  Test         1% Critical       5% Critical      10% Critical
               Statistic           Value             Value             Value
------------------------------------------------------------------------------
 Z(t)             -2.996            -3.960            -3.410            -3.120
------------------------------------------------------------------------------
MacKinnon approximate p-value for Z(t) = 0.1332

------------------------------------------------------------------------------
D.r1y        |      Coef.   Std. Err.      t    P>|t|     [95% Conf. Interval]
-------------+----------------------------------------------------------------
         r1y |
         L1. |  -.0004802   .0001603    -3.00   0.003    -.0007944    -.000166
         LD. |   .0711643   .0067649    10.52   0.000     .0579045     .084424
        L2D. |   .0142036   .0067824     2.09   0.036     .0009096    .0274976
        L3D. |   .0135276   .0067822     1.99   0.046     .0002339    .0268213
        L4D. |   .0205974   .0067819     3.04   0.002     .0073043    .0338904
        L5D. |  -.0067021   .0067831    -0.99   0.323    -.0199975    .0065934
        L6D. |   .0162002   .0067824     2.39   0.017     .0029061    .0294943
        L7D. |   .0176652   .0067822     2.60   0.009     .0043716    .0309589
        L8D. |   .0014092   .0067829     0.21   0.835    -.0118858    .0147042
        L9D. |   .0269305   .0067828     3.97   0.000     .0136356    .0402254
       L10D. |   .0167859   .0067853     2.47   0.013     .0034863    .0300855
       L11D. |   .0181798   .0067859     2.68   0.007      .004879    .0314806
       L12D. |   .0097889   .0067858     1.44   0.149    -.0035117    .0230896
       L13D. |  -.0002356   .0067861    -0.03   0.972    -.0135368    .0130656
       L14D. |   .0697943   .0067848    10.29   0.000     .0564956     .083093
       L15D. |   .0042204   .0067979     0.62   0.535    -.0091039    .0175447
       L16D. |  -.0193614   .0067957    -2.85   0.004    -.0326815   -.0060413
       L17D. |   .0239308   .0067966     3.52   0.000     .0106089    .0372527
       L18D. |  -.0132678   .0067985    -1.95   0.051    -.0265934    .0000578
       L19D. |   .0052732    .006799     0.78   0.438    -.0080532    .0185997
       L20D. |    .030193   .0067988     4.44   0.000     .0168668    .0435191
       L21D. |   .0337168   .0068005     4.96   0.000     .0203872    .0470463
       L22D. |  -.0301115   .0068023    -4.43   0.000    -.0434445   -.0167785
       L23D. |  -.0018804   .0068054    -0.28   0.782    -.0152194    .0114586
       L24D. |   .0019797   .0068054     0.29   0.771    -.0113594    .0153187
       L25D. |   .0252512   .0068022     3.71   0.000     .0119183    .0385841
       L26D. |   .0201342   .0068006     2.96   0.003     .0068045     .033464
       L27D. |   .0093506    .006799     1.38   0.169    -.0039759    .0226772
       L28D. |   .0071508   .0067992     1.05   0.293    -.0061762    .0204777
       L29D. |  -.0027823   .0067988    -0.41   0.682    -.0161083    .0105438
       L30D. |    .010485   .0067969     1.54   0.123    -.0028374    .0238075
       L31D. |  -.0251838    .006796    -3.71   0.000    -.0385044   -.0118631
       L32D. |   .0320187   .0067981     4.71   0.000     .0186939    .0453435
       L33D. |  -.0193289   .0067853    -2.85   0.004    -.0326286   -.0060292
       L34D. |   .0025041   .0067865     0.37   0.712     -.010798    .0158062
       L35D. |   .0192034   .0067864     2.83   0.005     .0059016    .0325052
       L36D. |  -.0099398   .0067866    -1.46   0.143    -.0232419    .0033624
       L37D. |  -.0023264    .006786    -0.34   0.732    -.0156274    .0109746
       L38D. |  -.0031542   .0067836    -0.46   0.642    -.0164505    .0101422
       L39D. |  -.0105008   .0067837    -1.55   0.122    -.0237973    .0027956
       L40D. |   .0184417    .006783     2.72   0.007     .0051464    .0317369
       L41D. |  -.0153944   .0067832    -2.27   0.023      -.02869   -.0020988
       L42D. |   .0084961   .0067839     1.25   0.210    -.0048008     .021793
       L43D. |  -.0160606   .0067827    -2.37   0.018    -.0293553    -.002766
       L44D. |   .0159883    .006783     2.36   0.018     .0026931    .0292835
       L45D. |   .0028368   .0067832     0.42   0.676    -.0104587    .0161324
       L46D. |  -.0337758   .0067662    -4.99   0.000    -.0470381   -.0205134
      _trend |  -2.06e-07   8.74e-08    -2.36   0.018    -3.77e-07   -3.46e-08
       _cons |    .004547   .0016277     2.79   0.005     .0013566    .0077374
------------------------------------------------------------------------------

. dfgls D.r1y    
 
DF-GLS for D.r1y                                         Number of obs = 21865
Maxlag = 46 chosen by Schwert criterion
 
               DF-GLS tau      1% Critical       5% Critical      10% Critical
  [lags]     Test Statistic        Value             Value             Value
------------------------------------------------------------------------------
    46          -16.512           -3.480            -2.836            -2.548
    45          -16.274           -3.480            -2.836            -2.549
    44          -15.913           -3.480            -2.836            -2.549
    43          -16.101           -3.480            -2.836            -2.549
    42          -16.547           -3.480            -2.836            -2.549
    41          -16.487           -3.480            -2.837            -2.549
    40          -16.801           -3.480            -2.837            -2.549
    39          -16.755           -3.480            -2.837            -2.549
    38          -17.256           -3.480            -2.837            -2.549
    37          -17.290           -3.480            -2.837            -2.549
    36          -17.449           -3.480            -2.837            -2.549
    35          -17.605           -3.480            -2.837            -2.549
    34          -17.639           -3.480            -2.837            -2.549
    33          -18.192           -3.480            -2.837            -2.549
    32          -18.497           -3.480            -2.837            -2.549
    31          -18.398           -3.480            -2.837            -2.549
    30          -19.188           -3.480            -2.837            -2.549
    29          -19.013           -3.480            -2.837            -2.549
    28          -19.491           -3.480            -2.837            -2.549
    27          -19.694           -3.480            -2.837            -2.550
    26          -20.158           -3.480            -2.837            -2.550
    25          -20.646           -3.480            -2.837            -2.550
    24          -21.436           -3.480            -2.838            -2.550
    23          -22.404           -3.480            -2.838            -2.550
    22          -22.928           -3.480            -2.838            -2.550
    21          -23.391           -3.480            -2.838            -2.550
    20          -23.090           -3.480            -2.838            -2.550
    19          -24.364           -3.480            -2.838            -2.550
    18          -25.732           -3.480            -2.838            -2.550
    17          -26.542           -3.480            -2.838            -2.550
    16          -26.908           -3.480            -2.838            -2.550
    15          -28.303           -3.480            -2.838            -2.550
    14          -28.549           -3.480            -2.838            -2.550
    13          -29.545           -3.480            -2.838            -2.550
    12          -32.819           -3.480            -2.838            -2.550
    11          -34.207           -3.480            -2.838            -2.550
    10          -36.035           -3.480            -2.838            -2.550
    9           -38.489           -3.480            -2.838            -2.550
    8           -41.308           -3.480            -2.838            -2.551
    7           -45.038           -3.480            -2.839            -2.551
    6           -48.226           -3.480            -2.839            -2.551
    5           -53.197           -3.480            -2.839            -2.551
    4           -59.472           -3.480            -2.839            -2.551
    3           -66.128           -3.480            -2.839            -2.551
    2           -77.646           -3.480            -2.839            -2.551
    1           -96.082           -3.480            -2.839            -2.551
 
Opt Lag (Ng-Perron seq t) = 46 with RMSE   .065631
Min SC   = -5.430029 at lag 25 with RMSE  .0658118
Min MAIC =  -5.06997 at lag 44 with RMSE   .065671

. dfuller D.r1y, trend lags(46)  regress    // ADF sobre las serie r1y en prime
> ras diferencias

Augmented Dickey-Fuller test for unit root         Number of obs   =     21865

                               ---------- Interpolated Dickey-Fuller ---------
                  Test         1% Critical       5% Critical      10% Critical
               Statistic           Value             Value             Value
------------------------------------------------------------------------------
 Z(t)            -20.340            -3.960            -3.410            -3.120
------------------------------------------------------------------------------
MacKinnon approximate p-value for Z(t) = 0.0000

------------------------------------------------------------------------------
D2.r1y       |      Coef.   Std. Err.      t    P>|t|     [95% Conf. Interval]
-------------+----------------------------------------------------------------
       D.r1y |
         L1. |  -.6695679   .0329189   -20.34   0.000    -.7340913   -.6050445
         LD. |  -.2602394   .0327066    -7.96   0.000    -.3243467   -.1961321
        L2D. |  -.2460568    .032492    -7.57   0.000    -.3097435   -.1823701
        L3D. |  -.2322078   .0322684    -7.20   0.000    -.2954561   -.1689595
        L4D. |  -.2121468   .0320242    -6.62   0.000    -.2749165   -.1493772
        L5D. |  -.2187387   .0317858    -6.88   0.000    -.2810413   -.1564362
        L6D. |  -.2030603   .0315406    -6.44   0.000    -.2648821   -.1412384
        L7D. |  -.1850232   .0313023    -5.91   0.000     -.246378   -.1236685
        L8D. |  -.1840211     .03104    -5.93   0.000    -.2448618   -.1231803
        L9D. |  -.1573007   .0307852    -5.11   0.000     -.217642   -.0969594
       L10D. |  -.1407132   .0305239    -4.61   0.000    -.2005423   -.0808841
       L11D. |  -.1229383   .0302587    -4.06   0.000    -.1822474   -.0636291
       L12D. |  -.1127882   .0299964    -3.76   0.000    -.1715834    -.053993
       L13D. |  -.1131143   .0297121    -3.81   0.000    -.1713521   -.0548765
       L14D. |  -.0439872   .0294229    -1.50   0.135    -.1016582    .0136837
       L15D. |  -.0390986   .0291393    -1.34   0.180    -.0962137    .0180165
       L16D. |  -.0593169   .0288212    -2.06   0.040    -.1158086   -.0028253
       L17D. |  -.0352835   .0285271    -1.24   0.216    -.0911988    .0206318
       L18D. |   -.048813   .0282174    -1.73   0.084    -.1041211    .0064951
       L19D. |  -.0435315   .0279086    -1.56   0.119    -.0982343    .0111713
       L20D. |  -.0132762   .0275887    -0.48   0.630    -.0673519    .0407996
       L21D. |   .0207739   .0272531     0.76   0.446    -.0326441     .074192
       L22D. |  -.0088886   .0268908    -0.33   0.741    -.0615964    .0438193
       L23D. |  -.0109307   .0264953    -0.41   0.680    -.0628633     .041002
       L24D. |  -.0092146   .0260917    -0.35   0.724    -.0603563     .041927
       L25D. |   .0150244   .0256842     0.58   0.559    -.0353186    .0653673
       L26D. |   .0358368   .0253061     1.42   0.157    -.0137649    .0854385
       L27D. |    .045753   .0248814     1.84   0.066    -.0030163    .0945223
       L28D. |   .0527969   .0244104     2.16   0.031     .0049507    .1006431
       L29D. |   .0494123   .0239236     2.07   0.039     .0025204    .0963043
       L30D. |   .0602851   .0234451     2.57   0.010     .0143311    .1062392
       L31D. |   .0343303   .0229233     1.50   0.134    -.0106011    .0792617
       L32D. |   .0662178   .0224166     2.95   0.003     .0222796     .110156
       L33D. |   .0484788   .0218942     2.21   0.027     .0055645    .0913931
       L34D. |   .0507058   .0212456     2.39   0.017     .0090628    .0923487
       L35D. |   .0698971   .0205775     3.40   0.001     .0295638    .1102304
       L36D. |   .0601575   .0198711     3.03   0.002     .0212087    .0991063
       L37D. |    .057991    .019103     3.04   0.002     .0205478    .0954342
       L38D. |   .0552611   .0182682     3.02   0.002     .0194541    .0910681
       L39D. |   .0445009   .0173337     2.57   0.010     .0105256    .0784763
       L40D. |   .0631187   .0163422     3.86   0.000     .0310869    .0951505
       L41D. |   .0478508   .0152427     3.14   0.002      .017974    .0777275
       L42D. |   .0558678   .0140098     3.99   0.000     .0284077     .083328
       L43D. |   .0400508   .0126799     3.16   0.002     .0151973    .0649044
       L44D. |   .0560953   .0111164     5.05   0.000     .0343064    .0778842
       L45D. |   .0589956    .009235     6.39   0.000     .0408944    .0770968
       L46D. |   .0267864   .0067684     3.96   0.000       .01352    .0400529
      _trend |  -5.15e-08   7.02e-08    -0.73   0.463    -1.89e-07    8.61e-08
       _cons |   .0004759    .000889     0.54   0.592    -.0012666    .0022185
------------------------------------------------------------------------------

. dfgls D.r1y, notrend   
 
DF-GLS for D.r1y                                         Number of obs = 21865
Maxlag = 46 chosen by Schwert criterion
 
               DF-GLS mu       1% Critical       5% Critical      10% Critical
  [lags]     Test Statistic        Value             Value             Value
------------------------------------------------------------------------------
    46          -11.253           -2.580            -1.947            -1.623
    45          -11.128           -2.580            -1.947            -1.623
    44          -10.916           -2.580            -1.947            -1.623
    43          -11.079           -2.580            -1.947            -1.623
    42          -11.421           -2.580            -1.947            -1.624
    41          -11.416           -2.580            -1.947            -1.624
    40          -11.671           -2.580            -1.947            -1.624
    39          -11.678           -2.580            -1.947            -1.624
    38          -12.066           -2.580            -1.947            -1.624
    37          -12.132           -2.580            -1.947            -1.624
    36          -12.285           -2.580            -1.947            -1.624
    35          -12.438           -2.580            -1.948            -1.624
    34          -12.506           -2.580            -1.948            -1.624
    33          -12.944           -2.580            -1.948            -1.624
    32          -13.209           -2.580            -1.948            -1.624
    31          -13.188           -2.580            -1.948            -1.624
    30          -13.806           -2.580            -1.948            -1.624
    29          -13.735           -2.580            -1.948            -1.624
    28          -14.135           -2.580            -1.948            -1.624
    27          -14.340           -2.580            -1.948            -1.624
    26          -14.739           -2.580            -1.948            -1.624
    25          -15.160           -2.580            -1.948            -1.624
    24          -15.810           -2.580            -1.948            -1.624
    23          -16.602           -2.580            -1.948            -1.624
    22          -17.077           -2.580            -1.948            -1.624
    21          -17.514           -2.580            -1.948            -1.624
    20          -17.382           -2.580            -1.948            -1.624
    19          -18.437           -2.580            -1.948            -1.624
    18          -19.582           -2.580            -1.948            -1.624
    17          -20.325           -2.580            -1.948            -1.624
    16          -20.739           -2.580            -1.948            -1.624
    15          -21.958           -2.580            -1.948            -1.624
    14          -22.306           -2.580            -1.948            -1.624
    13          -23.248           -2.580            -1.948            -1.624
    12          -26.014           -2.580            -1.948            -1.625
    11          -27.354           -2.580            -1.948            -1.625
    10          -29.083           -2.580            -1.948            -1.625
    9           -31.372           -2.580            -1.948            -1.625
    8           -34.034           -2.580            -1.949            -1.625
    7           -37.546           -2.580            -1.949            -1.625
    6           -40.735           -2.580            -1.949            -1.625
    5           -45.565           -2.580            -1.949            -1.625
    4           -51.736           -2.580            -1.949            -1.625
    3           -58.526           -2.580            -1.949            -1.625
    2           -69.995           -2.580            -1.949            -1.625
    1           -88.423           -2.580            -1.949            -1.625
 
Opt Lag (Ng-Perron seq t) = 46 with RMSE   .065849
Min SC   =  -5.42194 at lag 31 with RMSE   .065988
Min MAIC = -5.347484 at lag 44 with RMSE  .0658714

. dfuller D.r1y, lags(46)  regress    

Augmented Dickey-Fuller test for unit root         Number of obs   =     21865

                               ---------- Interpolated Dickey-Fuller ---------
                  Test         1% Critical       5% Critical      10% Critical
               Statistic           Value             Value             Value
------------------------------------------------------------------------------
 Z(t)            -20.327            -3.430            -2.860            -2.570
------------------------------------------------------------------------------
MacKinnon approximate p-value for Z(t) = 0.0000

------------------------------------------------------------------------------
      D2.r1y |      Coef.   Std. Err.      t    P>|t|     [95% Conf. Interval]
-------------+----------------------------------------------------------------
         r1y |
         LD. |   -.668661   .0328953   -20.33   0.000    -.7331383   -.6041838
        LD2. |  -.2611223   .0326841    -7.99   0.000    -.3251856   -.1970591
       L2D2. |  -.2469179   .0324705    -7.60   0.000    -.3105624   -.1832734
       L3D2. |  -.2330473   .0322477    -7.23   0.000    -.2962552   -.1698394
       L4D2. |  -.2129645   .0320044    -6.65   0.000    -.2756955   -.1502335
       L5D2. |  -.2195353    .031767    -6.91   0.000    -.2818009   -.1572698
       L6D2. |  -.2038355   .0315225    -6.47   0.000     -.265622    -.142049
       L7D2. |  -.1857779   .0312851    -5.94   0.000    -.2470988   -.1244569
       L8D2. |  -.1847549   .0310236    -5.96   0.000    -.2455634   -.1239464
       L9D2. |  -.1580141   .0307696    -5.14   0.000    -.2183246   -.0977035
      L10D2. |   -.141407    .030509    -4.63   0.000    -.2012068   -.0816072
      L11D2. |  -.1236128   .0302444    -4.09   0.000     -.182894   -.0643317
      L12D2. |  -.1134442   .0299828    -3.78   0.000    -.1722127   -.0546757
      L13D2. |  -.1137516   .0296991    -3.83   0.000    -.1719639   -.0555393
      L14D2. |  -.0446058   .0294105    -1.52   0.129    -.1022525    .0130409
      L15D2. |  -.0397007   .0291274    -1.36   0.173    -.0967925    .0173912
      L16D2. |  -.0599018   .0288099    -2.08   0.038    -.1163713   -.0034323
      L17D2. |  -.0358514   .0285163    -1.26   0.209    -.0917455    .0200427
      L18D2. |  -.0493642   .0282071    -1.75   0.080    -.1046521    .0059237
      L19D2. |  -.0440657   .0278988    -1.58   0.114    -.0987493    .0106179
      L20D2. |  -.0137934   .0275794    -0.50   0.617     -.067851    .0402642
      L21D2. |   .0202732   .0272443     0.74   0.457    -.0331276    .0736739
      L22D2. |  -.0093732   .0268824    -0.35   0.727    -.0620646    .0433182
      L23D2. |  -.0113981   .0264873    -0.43   0.667    -.0633152     .040519
      L24D2. |  -.0096644   .0260842    -0.37   0.711    -.0607913    .0414626
      L25D2. |   .0145924   .0256772     0.57   0.570    -.0357368    .0649216
      L26D2. |   .0354211   .0252994     1.40   0.162    -.0141676    .0850099
      L27D2. |    .045354   .0248752     1.82   0.068    -.0034031    .0941112
      L28D2. |    .052415   .0244046     2.15   0.032     .0045802    .1002498
      L29D2. |   .0490476   .0239182     2.05   0.040     .0021663    .0959289
      L30D2. |   .0599373     .02344     2.56   0.011     .0139931    .1058814
      L31D2. |   .0339999   .0229187     1.48   0.138    -.0109224    .0789222
      L32D2. |    .065905   .0224123     2.94   0.003     .0219753    .1098348
      L33D2. |   .0481829   .0218903     2.20   0.028     .0052764    .0910895
      L34D2. |   .0504289    .021242     2.37   0.018      .008793    .0920649
      L35D2. |    .069639   .0205742     3.38   0.001      .029312     .109966
      L36D2. |   .0599179   .0198682     3.02   0.003     .0209748    .0988611
      L37D2. |   .0577708   .0191004     3.02   0.002     .0203326    .0952091
      L38D2. |   .0550607    .018266     3.01   0.003     .0192581    .0908633
      L39D2. |   .0443211   .0173318     2.56   0.011     .0103495    .0782927
      L40D2. |   .0629599   .0163405     3.85   0.000     .0309312    .0949885
      L41D2. |   .0477129   .0152414     3.13   0.002     .0178388    .0775871
      L42D2. |   .0557522   .0140087     3.98   0.000     .0282941    .0832103
      L43D2. |   .0399569   .0126791     3.15   0.002     .0151049    .0648089
      L44D2. |   .0560239   .0111158     5.04   0.000     .0342361    .0778117
      L45D2. |   .0589469   .0092346     6.38   0.000     .0408463    .0770475
      L46D2. |   .0267607   .0067682     3.95   0.000     .0134946    .0400269
             |
       _cons |  -.0000897    .000443    -0.20   0.839     -.000958    .0007785
------------------------------------------------------------------------------

. 
. 
. 
. dfgls r10y
 
DF-GLS for r10y                                          Number of obs = 21866
Maxlag = 46 chosen by Schwert criterion
 
               DF-GLS tau      1% Critical       5% Critical      10% Critical
  [lags]     Test Statistic        Value             Value             Value
------------------------------------------------------------------------------
    46           -1.220           -3.480            -2.836            -2.548
    45           -1.253           -3.480            -2.836            -2.549
    44           -1.253           -3.480            -2.836            -2.549
    43           -1.239           -3.480            -2.836            -2.549
    42           -1.267           -3.480            -2.836            -2.549
    41           -1.290           -3.480            -2.837            -2.549
    40           -1.291           -3.480            -2.837            -2.549
    39           -1.250           -3.480            -2.837            -2.549
    38           -1.237           -3.480            -2.837            -2.549
    37           -1.256           -3.480            -2.837            -2.549
    36           -1.247           -3.480            -2.837            -2.549
    35           -1.270           -3.480            -2.837            -2.549
    34           -1.237           -3.480            -2.837            -2.549
    33           -1.241           -3.480            -2.837            -2.549
    32           -1.253           -3.480            -2.837            -2.549
    31           -1.246           -3.480            -2.837            -2.549
    30           -1.244           -3.480            -2.837            -2.549
    29           -1.248           -3.480            -2.837            -2.549
    28           -1.218           -3.480            -2.837            -2.549
    27           -1.216           -3.480            -2.837            -2.550
    26           -1.213           -3.480            -2.837            -2.550
    25           -1.199           -3.480            -2.837            -2.550
    24           -1.173           -3.480            -2.838            -2.550
    23           -1.167           -3.480            -2.838            -2.550
    22           -1.177           -3.480            -2.838            -2.550
    21           -1.207           -3.480            -2.838            -2.550
    20           -1.181           -3.480            -2.838            -2.550
    19           -1.132           -3.480            -2.838            -2.550
    18           -1.129           -3.480            -2.838            -2.550
    17           -1.143           -3.480            -2.838            -2.550
    16           -1.137           -3.480            -2.838            -2.550
    15           -1.135           -3.480            -2.838            -2.550
    14           -1.111           -3.480            -2.838            -2.550
    13           -1.077           -3.480            -2.838            -2.550
    12           -1.078           -3.480            -2.838            -2.550
    11           -1.069           -3.480            -2.838            -2.550
    10           -1.067           -3.480            -2.838            -2.550
    9            -1.066           -3.480            -2.838            -2.550
    8            -1.051           -3.480            -2.838            -2.551
    7            -1.064           -3.480            -2.839            -2.551
    6            -1.041           -3.480            -2.839            -2.551
    5            -1.042           -3.480            -2.839            -2.551
    4            -1.028           -3.480            -2.839            -2.551
    3            -1.030           -3.480            -2.839            -2.551
    2            -1.025           -3.480            -2.839            -2.551
    1            -1.022           -3.480            -2.839            -2.551
 
Opt Lag (Ng-Perron seq t) = 46 with RMSE  .0535267
Min SC   = -5.847211 at lag  1 with RMSE   .053715
Min MAIC = -5.850804 at lag 46 with RMSE  .0535267

. dfuller r10y, trend lags(46)  regress      // ADF sobre las serie r10y en niv
> eles

Augmented Dickey-Fuller test for unit root         Number of obs   =     21866

                               ---------- Interpolated Dickey-Fuller ---------
                  Test         1% Critical       5% Critical      10% Critical
               Statistic           Value             Value             Value
------------------------------------------------------------------------------
 Z(t)             -2.321            -3.960            -3.410            -3.120
------------------------------------------------------------------------------
MacKinnon approximate p-value for Z(t) = 0.4226

------------------------------------------------------------------------------
D.r10y       |      Coef.   Std. Err.      t    P>|t|     [95% Conf. Interval]
-------------+----------------------------------------------------------------
        r10y |
         L1. |  -.0003363   .0001449    -2.32   0.020    -.0006204   -.0000523
         LD. |    .043745   .0067679     6.46   0.000     .0304793    .0570106
        L2D. |   .0034445   .0067747     0.51   0.611    -.0098344    .0167234
        L3D. |   .0042947   .0067744     0.63   0.526    -.0089837    .0175731
        L4D. |  -.0032179   .0067733    -0.48   0.635     -.016494    .0100583
        L5D. |   .0075239   .0067726     1.11   0.267     -.005751    .0207988
        L6D. |  -.0015929   .0067728    -0.24   0.814    -.0148681    .0116824
        L7D. |   .0174682   .0067705     2.58   0.010     .0041976    .0307387
        L8D. |  -.0100922   .0067714    -1.49   0.136    -.0233647    .0031802
        L9D. |   .0099981   .0067712     1.48   0.140    -.0032738    .0232701
       L10D. |  -.0009632   .0067715    -0.14   0.887    -.0142357    .0123094
       L11D. |   .0005332   .0067708     0.08   0.937     -.012738    .0138044
       L12D. |   .0066128   .0067692     0.98   0.329    -.0066553    .0198809
       L13D. |  -.0018852   .0067693    -0.28   0.781    -.0151535    .0113831
       L14D. |   .0220958   .0067691     3.26   0.001     .0088279    .0353637
       L15D. |   .0148511   .0067708     2.19   0.028     .0015799    .0281223
       L16D. |   .0012349   .0067715     0.18   0.855    -.0120378    .0145076
       L17D. |   .0054704   .0067715     0.81   0.419    -.0078023    .0187431
       L18D. |  -.0089326   .0067705    -1.32   0.187    -.0222032     .004338
       L19D. |   .0004211   .0067707     0.06   0.950      -.01285    .0136923
       L20D. |   .0304969   .0067707     4.50   0.000     .0172258     .043768
       L21D. |   .0179287   .0067736     2.65   0.008      .004652    .0312055
       L22D. |  -.0184793   .0067738    -2.73   0.006    -.0317565   -.0052021
       L23D. |  -.0064892   .0067751    -0.96   0.338     -.019769    .0067905
       L24D. |   .0025919   .0067752     0.38   0.702    -.0106879    .0158717
       L25D. |   .0163046   .0067744     2.41   0.016     .0030263    .0295829
       L26D. |   .0092223   .0067742     1.36   0.173    -.0040556    .0225002
       L27D. |   .0022574   .0067714     0.33   0.739    -.0110149    .0155297
       L28D. |   .0002248   .0067719     0.03   0.974    -.0130486    .0134982
       L29D. |   .0202781   .0067717     2.99   0.003      .007005    .0335512
       L30D. |  -.0028682   .0067731    -0.42   0.672     -.016144    .0104076
       L31D. |   .0015608   .0067734     0.23   0.818    -.0117155    .0148371
       L32D. |   .0052133   .0067727     0.77   0.441    -.0080617    .0184882
       L33D. |  -.0077145   .0067711    -1.14   0.255    -.0209865    .0055574
       L34D. |  -.0031101   .0067713    -0.46   0.646    -.0163823    .0101622
       L35D. |   .0218275   .0067725     3.22   0.001      .008553     .035102
       L36D. |  -.0143276   .0067741    -2.12   0.034    -.0276053   -.0010499
       L37D. |   .0061636   .0067749     0.91   0.363    -.0071157    .0194429
       L38D. |  -.0128703   .0067748    -1.90   0.057    -.0261495    .0004089
       L39D. |   .0075959   .0067753     1.12   0.262    -.0056842    .0208759
       L40D. |   .0267637   .0067745     3.95   0.000     .0134852    .0400421
       L41D. |   .0001901   .0067769     0.03   0.978    -.0130931    .0134733
       L42D. |  -.0139502   .0067768    -2.06   0.040    -.0272331   -.0006672
       L43D. |  -.0186093   .0067774    -2.75   0.006    -.0318935   -.0053251
       L44D. |   .0097841   .0067785     1.44   0.149    -.0035023    .0230704
       L45D. |   .0008822   .0067787     0.13   0.896    -.0124046     .014169
       L46D. |  -.0213247   .0067724    -3.15   0.002     -.034599   -.0080503
      _trend |  -1.53e-07   6.85e-08    -2.23   0.026    -2.87e-07   -1.86e-08
       _cons |   .0035892   .0014656     2.45   0.014     .0007166    .0064618
------------------------------------------------------------------------------

. dfgls D.r10y    
 
DF-GLS for D.r10y                                        Number of obs = 21865
Maxlag = 46 chosen by Schwert criterion
 
               DF-GLS tau      1% Critical       5% Critical      10% Critical
  [lags]     Test Statistic        Value             Value             Value
------------------------------------------------------------------------------
    46          -10.347           -3.480            -2.836            -2.548
    45          -10.505           -3.480            -2.836            -2.549
    44          -10.460           -3.480            -2.836            -2.549
    43          -10.636           -3.480            -2.836            -2.549
    42          -10.926           -3.480            -2.836            -2.549
    41          -10.918           -3.480            -2.837            -2.549
    40          -10.946           -3.480            -2.837            -2.549
    39          -11.129           -3.480            -2.837            -2.549
    38          -11.636           -3.480            -2.837            -2.549
    37          -11.959           -3.480            -2.837            -2.549
    36          -12.044           -3.480            -2.837            -2.549
    35          -12.352           -3.480            -2.837            -2.549
    34          -12.418           -3.480            -2.837            -2.549
    33          -12.947           -3.480            -2.837            -2.549
    32          -13.194           -3.480            -2.837            -2.549
    31          -13.380           -3.480            -2.837            -2.549
    30          -13.739           -3.480            -2.837            -2.549
    29          -14.068           -3.480            -2.837            -2.549
    28          -14.366           -3.480            -2.837            -2.549
    27          -15.006           -3.480            -2.837            -2.550
    26          -15.411           -3.480            -2.837            -2.550
    25          -15.847           -3.480            -2.837            -2.550
    24          -16.434           -3.480            -2.838            -2.550
    23          -17.206           -3.480            -2.838            -2.550
    22          -17.808           -3.480            -2.838            -2.550
    21          -18.257           -3.480            -2.838            -2.550
    20          -18.467           -3.480            -2.838            -2.550
    19          -19.399           -3.480            -2.838            -2.550
    18          -20.781           -3.480            -2.838            -2.550
    17          -21.647           -3.480            -2.838            -2.550
    16          -22.309           -3.480            -2.838            -2.550
    15          -23.335           -3.480            -2.838            -2.550
    14          -24.401           -3.480            -2.838            -2.550
    13          -25.990           -3.480            -2.838            -2.550
    12          -28.029           -3.480            -2.838            -2.550
    11          -29.589           -3.480            -2.838            -2.550
    10          -31.629           -3.480            -2.838            -2.550
    9           -33.787           -3.480            -2.838            -2.550
    8           -36.247           -3.480            -2.838            -2.551
    7           -39.611           -3.480            -2.839            -2.551
    6           -42.731           -3.480            -2.839            -2.551
    5           -47.884           -3.480            -2.839            -2.551
    4           -53.575           -3.480            -2.839            -2.551
    3           -61.933           -3.480            -2.839            -2.551
    2           -73.050           -3.480            -2.839            -2.551
    1           -91.751           -3.480            -2.839            -2.551
 
Opt Lag (Ng-Perron seq t) = 46 with RMSE   .053921
Min SC   = -5.820971 at lag 39 with RMSE  .0539539
Min MAIC = -5.741019 at lag 46 with RMSE   .053921

. dfuller D.r10y, trend lags(46)  regress    // ADF sobre las serie r10y en pri
> meras diferencias

Augmented Dickey-Fuller test for unit root         Number of obs   =     21865

                               ---------- Interpolated Dickey-Fuller ---------
                  Test         1% Critical       5% Critical      10% Critical
               Statistic           Value             Value             Value
------------------------------------------------------------------------------
 Z(t)            -20.743            -3.960            -3.410            -3.120
------------------------------------------------------------------------------
MacKinnon approximate p-value for Z(t) = 0.0000

------------------------------------------------------------------------------
D2.r10y      |      Coef.   Std. Err.      t    P>|t|     [95% Conf. Interval]
-------------+----------------------------------------------------------------
      D.r10y |
         L1. |  -.8370511    .040354   -20.74   0.000    -.9161478   -.7579545
         LD. |  -.1193326   .0399712    -2.99   0.003    -.1976791   -.0409862
        L2D. |  -.1159842    .039598    -2.93   0.003    -.1935992   -.0383693
        L3D. |   -.111771   .0392201    -2.85   0.004    -.1886452   -.0348967
        L4D. |  -.1151244   .0388287    -2.96   0.003    -.1912314   -.0390173
        L5D. |  -.1077245    .038452    -2.80   0.005    -.1830932   -.0323558
        L6D. |  -.1094147   .0380841    -2.87   0.004    -.1840623   -.0347672
        L7D. |  -.0919949   .0377128    -2.44   0.015    -.1659147   -.0180751
        L8D. |  -.1021794   .0373093    -2.74   0.006    -.1753084   -.0290505
        L9D. |  -.0923108   .0368951    -2.50   0.012    -.1646278   -.0199938
       L10D. |  -.0933688   .0364884    -2.56   0.011    -.1648888   -.0218489
       L11D. |  -.0929682   .0360712    -2.58   0.010    -.1636703   -.0222661
       L12D. |  -.0864204   .0356641    -2.42   0.015    -.1563247   -.0165161
       L13D. |  -.0884215   .0352287    -2.51   0.012    -.1574723   -.0193707
       L14D. |  -.0664485   .0347915    -1.91   0.056    -.1346424    .0017454
       L15D. |  -.0517005   .0343548    -1.50   0.132    -.1190384    .0156373
       L16D. |  -.0505807   .0339056    -1.49   0.136    -.1170382    .0158768
       L17D. |  -.0452345   .0334488    -1.35   0.176    -.1107967    .0203277
       L18D. |  -.0542492   .0329888    -1.64   0.100    -.1189096    .0104112
       L19D. |  -.0539482   .0324993    -1.66   0.097    -.1176493    .0097528
       L20D. |   -.023567   .0320022    -0.74   0.461    -.0862936    .0391597
       L21D. |  -.0057492   .0314928    -0.18   0.855    -.0674774    .0559789
       L22D. |   -.024332   .0309631    -0.79   0.432     -.085022     .036358
       L23D. |  -.0309484   .0304037    -1.02   0.309     -.090542    .0286451
       L24D. |  -.0284992   .0298308    -0.96   0.339    -.0869698    .0299714
       L25D. |  -.0123603    .029256    -0.42   0.673    -.0697042    .0449836
       L26D. |  -.0032366   .0286947    -0.11   0.910    -.0594802     .053007
       L27D. |  -.0010613   .0280974    -0.04   0.970    -.0561342    .0540116
       L28D. |  -.0009775   .0274422    -0.04   0.972    -.0547663    .0528112
       L29D. |   .0191422   .0267706     0.72   0.475    -.0333301    .0716146
       L30D. |   .0161381   .0260956     0.62   0.536    -.0350112    .0672874
       L31D. |   .0175554   .0253941     0.69   0.489    -.0322189    .0673297
       L32D. |   .0226489    .024671     0.92   0.359    -.0257081    .0710059
       L33D. |    .014826   .0239011     0.62   0.535     -.032022    .0616739
       L34D. |   .0115621   .0230657     0.50   0.616    -.0336484    .0567726
       L35D. |    .033254   .0222032     1.50   0.134    -.0102659    .0767738
       L36D. |   .0187736   .0212935     0.88   0.378    -.0229631    .0605103
       L37D. |   .0247855   .0203408     1.22   0.223     -.015084    .0646549
       L38D. |   .0117811   .0193429     0.61   0.542    -.0261324    .0496946
       L39D. |   .0192087   .0182674     1.05   0.293    -.0165967     .055014
       L40D. |   .0458538   .0171499     2.67   0.008     .0122388    .0794688
       L41D. |   .0458819   .0159106     2.88   0.004     .0146959    .0770679
       L42D. |   .0317869   .0145713     2.18   0.029      .003226    .0603477
       L43D. |   .0130153   .0130688     1.00   0.319    -.0126005    .0386311
       L44D. |   .0226582   .0113801     1.99   0.046     .0003522    .0449641
       L45D. |   .0233908   .0093725     2.50   0.013     .0050201    .0417615
       L46D. |   .0019891   .0067745     0.29   0.769    -.0112895    .0152677
      _trend |  -6.67e-08   5.75e-08    -1.16   0.246    -1.79e-07    4.60e-08
       _cons |   .0006384   .0007278     0.88   0.380    -.0007881    .0020649
------------------------------------------------------------------------------

. dfgls D.r10y, notrend
 
DF-GLS for D.r10y                                        Number of obs = 21865
Maxlag = 46 chosen by Schwert criterion
 
               DF-GLS mu       1% Critical       5% Critical      10% Critical
  [lags]     Test Statistic        Value             Value             Value
------------------------------------------------------------------------------
    46           -5.917           -2.580            -1.947            -1.623
    45           -6.018           -2.580            -1.947            -1.623
    44           -6.002           -2.580            -1.947            -1.623
    43           -6.114           -2.580            -1.947            -1.623
    42           -6.293           -2.580            -1.947            -1.624
    41           -6.299           -2.580            -1.947            -1.624
    40           -6.327           -2.580            -1.947            -1.624
    39           -6.445           -2.580            -1.947            -1.624
    38           -6.754           -2.580            -1.947            -1.624
    37           -6.957           -2.580            -1.947            -1.624
    36           -7.022           -2.580            -1.947            -1.624
    35           -7.218           -2.580            -1.948            -1.624
    34           -7.273           -2.580            -1.948            -1.624
    33           -7.602           -2.580            -1.948            -1.624
    32           -7.768           -2.580            -1.948            -1.624
    31           -7.898           -2.580            -1.948            -1.624
    30           -8.133           -2.580            -1.948            -1.624
    29           -8.353           -2.580            -1.948            -1.624
    28           -8.555           -2.580            -1.948            -1.624
    27           -8.967           -2.580            -1.948            -1.624
    26           -9.241           -2.580            -1.948            -1.624
    25           -9.537           -2.580            -1.948            -1.624
    24           -9.928           -2.580            -1.948            -1.624
    23          -10.439           -2.580            -1.948            -1.624
    22          -10.851           -2.580            -1.948            -1.624
    21          -11.176           -2.580            -1.948            -1.624
    20          -11.358           -2.580            -1.948            -1.624
    19          -11.991           -2.580            -1.948            -1.624
    18          -12.916           -2.580            -1.948            -1.624
    17          -13.536           -2.580            -1.948            -1.624
    16          -14.041           -2.580            -1.948            -1.624
    15          -14.788           -2.580            -1.948            -1.624
    14          -15.579           -2.580            -1.948            -1.624
    13          -16.727           -2.580            -1.948            -1.624
    12          -18.203           -2.580            -1.948            -1.625
    11          -19.414           -2.580            -1.948            -1.625
    10          -20.986           -2.580            -1.948            -1.625
    9           -22.700           -2.580            -1.948            -1.625
    8           -24.693           -2.580            -1.949            -1.625
    7           -27.406           -2.580            -1.949            -1.625
    6           -30.096           -2.580            -1.949            -1.625
    5           -34.402           -2.580            -1.949            -1.625
    4           -39.408           -2.580            -1.949            -1.625
    3           -46.820           -2.580            -1.949            -1.625
    2           -57.082           -2.580            -1.949            -1.625
    1           -74.603           -2.580            -1.949            -1.625
 
Opt Lag (Ng-Perron seq t) = 46 with RMSE  .0540098
Min SC   = -5.817214 at lag 39 with RMSE  .0540553
Min MAIC = -5.820458 at lag 46 with RMSE  .0540098

. dfuller D.r10y, lags(46)  regress    

Augmented Dickey-Fuller test for unit root         Number of obs   =     21865

                               ---------- Interpolated Dickey-Fuller ---------
                  Test         1% Critical       5% Critical      10% Critical
               Statistic           Value             Value             Value
------------------------------------------------------------------------------
 Z(t)            -20.710            -3.430            -2.860            -2.570
------------------------------------------------------------------------------
MacKinnon approximate p-value for Z(t) = 0.0000

------------------------------------------------------------------------------
     D2.r10y |      Coef.   Std. Err.      t    P>|t|     [95% Conf. Interval]
-------------+----------------------------------------------------------------
        r10y |
         LD. |  -.8344302   .0402909   -20.71   0.000    -.9134034    -.755457
        LD2. |  -.1218922   .0399105    -3.05   0.002    -.2001197   -.0436647
       L2D2. |  -.1184856   .0395395    -3.00   0.003    -.1959859   -.0409852
       L3D2. |  -.1142142   .0391638    -2.92   0.004     -.190978   -.0374503
       L4D2. |  -.1175094   .0387745    -3.03   0.002    -.1935102   -.0415086
       L5D2. |  -.1100524   .0383999    -2.87   0.004    -.1853189   -.0347859
       L6D2. |  -.1116869   .0380339    -2.94   0.003    -.1862362   -.0371376
       L7D2. |  -.0942112   .0376646    -2.50   0.012    -.1680366   -.0203859
       L8D2. |  -.1043389   .0372631    -2.80   0.005    -.1773773   -.0313005
       L9D2. |  -.0944125   .0368508    -2.56   0.010    -.1666428   -.0221822
      L10D2. |  -.0954139   .0364461    -2.62   0.009    -.1668508    -.023977
      L11D2. |   -.094956   .0360307    -2.64   0.008    -.1655788   -.0243332
      L12D2. |  -.0883518   .0356255    -2.48   0.013    -.1581804   -.0185232
      L13D2. |  -.0902957   .0351919    -2.57   0.010    -.1592743    -.021317
      L14D2. |  -.0682657   .0347565    -1.96   0.050    -.1363909   -.0001404
      L15D2. |  -.0534631   .0343214    -1.56   0.119    -.1207356    .0138093
      L16D2. |   -.052289   .0338739    -1.54   0.123    -.1186843    .0141062
      L17D2. |  -.0468884   .0334187    -1.40   0.161    -.1123914    .0186147
      L18D2. |    -.05585   .0329602    -1.69   0.090    -.1204543    .0087543
      L19D2. |  -.0554942   .0324722    -1.71   0.087    -.1191422    .0081537
      L20D2. |  -.0250583   .0319766    -0.78   0.433    -.0877348    .0376182
      L21D2. |  -.0071877   .0314686    -0.23   0.819    -.0688684    .0544931
      L22D2. |  -.0257184   .0309403    -0.83   0.406    -.0863636    .0349269
      L23D2. |    -.03228   .0303823    -1.06   0.288    -.0918314    .0272715
      L24D2. |   -.029775   .0298108    -1.00   0.318    -.0882063    .0286563
      L25D2. |  -.0135798   .0292373    -0.46   0.642    -.0708871    .0437275
      L26D2. |  -.0044021   .0286773    -0.15   0.878    -.0606116    .0518075
      L27D2. |  -.0021719   .0280813    -0.08   0.938    -.0572133    .0528694
      L28D2. |   -.002033   .0274273    -0.07   0.941    -.0557926    .0517266
      L29D2. |   .0181424   .0267569     0.68   0.498    -.0343031     .070588
      L30D2. |   .0151919   .0260831     0.58   0.560    -.0359328    .0663166
      L31D2. |   .0166624   .0253826     0.66   0.512    -.0330894    .0664142
      L32D2. |   .0218094   .0246606     0.88   0.376    -.0265271     .070146
      L33D2. |   .0140405   .0238917     0.59   0.557     -.032789    .0608699
      L34D2. |   .0108329   .0230573     0.47   0.638    -.0343612    .0560269
      L35D2. |   .0325794   .0221957     1.47   0.142    -.0109258    .0760847
      L36D2. |   .0181529   .0212869     0.85   0.394     -.023571    .0598768
      L37D2. |    .024219   .0203351     1.19   0.234    -.0156392    .0640773
      L38D2. |   .0112691    .019338     0.58   0.560    -.0266348    .0491731
      L39D2. |   .0187533   .0182633     1.03   0.305     -.017044    .0545507
      L40D2. |   .0454543   .0171465     2.65   0.008     .0118459    .0790628
      L41D2. |   .0455379    .015908     2.86   0.004      .014357    .0767187
      L42D2. |   .0314979   .0145693     2.16   0.031      .002941    .0600548
      L43D2. |   .0127827   .0130674     0.98   0.328    -.0128303    .0383957
      L44D2. |   .0224825   .0113792     1.98   0.048     .0001784    .0447866
      L45D2. |   .0232723    .009372     2.48   0.013     .0049025     .041642
      L46D2. |    .001928   .0067744     0.28   0.776    -.0113503    .0152063
             |
       _cons |  -.0000935   .0003624    -0.26   0.796    -.0008039    .0006169
------------------------------------------------------------------------------

. 
. log close
      name:  <unnamed>
       log:  C:\Users\fergr\_UdeSA\P_2024\P_TP1.log
  log type:  text
 closed on:  23 Apr 2024, 13:34:47
-------------------------------------------------------------------------------
